{"C:\\Users\\karla.rosario_a3data\\OneDrive\\Documentos\\GitHub\\projeto-simulados-certificacao-aws\\app.js": {"path":"C:\\Users\\karla.rosario_a3data\\OneDrive\\Documentos\\GitHub\\projeto-simulados-certificacao-aws\\app.js","statementMap":{"0":{"start":{"line":12,"column":15},"end":{"line":25,"column":1}},"1":{"start":{"line":31,"column":15},"end":{"line":36,"column":1}},"2":{"start":{"line":46,"column":0},"end":{"line":59,"column":3}},"3":{"start":{"line":47,"column":2},"end":{"line":47,"column":14}},"4":{"start":{"line":48,"column":2},"end":{"line":48,"column":25}},"5":{"start":{"line":49,"column":2},"end":{"line":49,"column":18}},"6":{"start":{"line":50,"column":2},"end":{"line":50,"column":25}},"7":{"start":{"line":53,"column":21},"end":{"line":53,"column":68}},"8":{"start":{"line":54,"column":2},"end":{"line":58,"column":3}},"9":{"start":{"line":55,"column":4},"end":{"line":57,"column":7}},"10":{"start":{"line":56,"column":6},"end":{"line":56,"column":22}},"11":{"start":{"line":70,"column":18},"end":{"line":74,"column":3}},"12":{"start":{"line":77,"column":2},"end":{"line":82,"column":5}},"13":{"start":{"line":78,"column":4},"end":{"line":81,"column":5}},"14":{"start":{"line":79,"column":6},"end":{"line":79,"column":37}},"15":{"start":{"line":80,"column":6},"end":{"line":80,"column":50}},"16":{"start":{"line":85,"column":23},"end":{"line":85,"column":42}},"17":{"start":{"line":86,"column":2},"end":{"line":89,"column":3}},"18":{"start":{"line":87,"column":4},"end":{"line":87,"column":44}},"19":{"start":{"line":88,"column":4},"end":{"line":88,"column":62}},"20":{"start":{"line":96,"column":2},"end":{"line":96,"column":18}},"21":{"start":{"line":97,"column":2},"end":{"line":97,"column":22}},"22":{"start":{"line":98,"column":2},"end":{"line":98,"column":23}},"23":{"start":{"line":99,"column":2},"end":{"line":99,"column":93}},"24":{"start":{"line":111,"column":21},"end":{"line":111,"column":68}},"25":{"start":{"line":112,"column":25},"end":{"line":112,"column":69}},"26":{"start":{"line":113,"column":27},"end":{"line":113,"column":70}},"27":{"start":{"line":116,"column":27},"end":{"line":116,"column":66}},"28":{"start":{"line":117,"column":21},"end":{"line":117,"column":88}},"29":{"start":{"line":119,"column":25},"end":{"line":119,"column":66}},"30":{"start":{"line":120,"column":19},"end":{"line":120,"column":94}},"31":{"start":{"line":121,"column":21},"end":{"line":121,"column":70}},"32":{"start":{"line":122,"column":19},"end":{"line":122,"column":84}},"33":{"start":{"line":124,"column":18},"end":{"line":124,"column":45}},"34":{"start":{"line":125,"column":2},"end":{"line":125,"column":57}},"35":{"start":{"line":126,"column":2},"end":{"line":126,"column":26}},"36":{"start":{"line":127,"column":2},"end":{"line":127,"column":32}},"37":{"start":{"line":128,"column":2},"end":{"line":128,"column":74}},"38":{"start":{"line":130,"column":2},"end":{"line":198,"column":3}},"39":{"start":{"line":131,"column":4},"end":{"line":131,"column":29}},"40":{"start":{"line":132,"column":4},"end":{"line":132,"column":98}},"41":{"start":{"line":134,"column":21},"end":{"line":134,"column":63}},"42":{"start":{"line":135,"column":4},"end":{"line":135,"column":75}},"43":{"start":{"line":135,"column":22},"end":{"line":135,"column":75}},"44":{"start":{"line":136,"column":24},"end":{"line":136,"column":45}},"45":{"start":{"line":139,"column":4},"end":{"line":141,"column":5}},"46":{"start":{"line":140,"column":6},"end":{"line":140,"column":77}},"47":{"start":{"line":140,"column":48},"end":{"line":140,"column":75}},"48":{"start":{"line":144,"column":4},"end":{"line":150,"column":5}},"49":{"start":{"line":145,"column":6},"end":{"line":149,"column":8}},"50":{"start":{"line":146,"column":8},"end":{"line":148,"column":75}},"51":{"start":{"line":153,"column":4},"end":{"line":159,"column":5}},"52":{"start":{"line":154,"column":22},"end":{"line":156,"column":70}},"53":{"start":{"line":157,"column":6},"end":{"line":157,"column":21}},"54":{"start":{"line":158,"column":6},"end":{"line":158,"column":13}},"55":{"start":{"line":162,"column":4},"end":{"line":162,"column":104}},"56":{"start":{"line":165,"column":4},"end":{"line":167,"column":5}},"57":{"start":{"line":166,"column":6},"end":{"line":166,"column":139}},"58":{"start":{"line":170,"column":4},"end":{"line":170,"column":71}},"59":{"start":{"line":171,"column":4},"end":{"line":171,"column":38}},"60":{"start":{"line":172,"column":4},"end":{"line":172,"column":23}},"61":{"start":{"line":173,"column":4},"end":{"line":173,"column":26}},"62":{"start":{"line":174,"column":4},"end":{"line":174,"column":35}},"63":{"start":{"line":175,"column":4},"end":{"line":175,"column":33}},"64":{"start":{"line":177,"column":4},"end":{"line":177,"column":31}},"65":{"start":{"line":178,"column":4},"end":{"line":182,"column":5}},"66":{"start":{"line":179,"column":6},"end":{"line":181,"column":9}},"67":{"start":{"line":180,"column":8},"end":{"line":180,"column":63}},"68":{"start":{"line":184,"column":4},"end":{"line":184,"column":43}},"69":{"start":{"line":186,"column":4},"end":{"line":186,"column":23}},"70":{"start":{"line":187,"column":4},"end":{"line":187,"column":42}},"71":{"start":{"line":187,"column":29},"end":{"line":187,"column":42}},"72":{"start":{"line":188,"column":4},"end":{"line":188,"column":29}},"73":{"start":{"line":189,"column":4},"end":{"line":189,"column":19}},"74":{"start":{"line":190,"column":4},"end":{"line":190,"column":25}},"75":{"start":{"line":193,"column":4},"end":{"line":193,"column":54}},"76":{"start":{"line":194,"column":4},"end":{"line":194,"column":68}},"77":{"start":{"line":196,"column":4},"end":{"line":196,"column":30}},"78":{"start":{"line":197,"column":4},"end":{"line":197,"column":90}},"79":{"start":{"line":206,"column":19},"end":{"line":206,"column":68}},"80":{"start":{"line":207,"column":2},"end":{"line":207,"column":24}},"81":{"start":{"line":207,"column":17},"end":{"line":207,"column":24}},"82":{"start":{"line":210,"column":26},"end":{"line":210,"column":70}},"83":{"start":{"line":211,"column":30},"end":{"line":211,"column":70}},"84":{"start":{"line":212,"column":29},"end":{"line":212,"column":69}},"85":{"start":{"line":213,"column":27},"end":{"line":213,"column":65}},"86":{"start":{"line":215,"column":2},"end":{"line":217,"column":3}},"87":{"start":{"line":216,"column":4},"end":{"line":216,"column":65}},"88":{"start":{"line":219,"column":2},"end":{"line":222,"column":3}},"89":{"start":{"line":221,"column":4},"end":{"line":221,"column":56}},"90":{"start":{"line":224,"column":2},"end":{"line":226,"column":3}},"91":{"start":{"line":225,"column":4},"end":{"line":225,"column":71}},"92":{"start":{"line":228,"column":2},"end":{"line":230,"column":3}},"93":{"start":{"line":229,"column":4},"end":{"line":229,"column":61}},"94":{"start":{"line":233,"column":22},"end":{"line":233,"column":61}},"95":{"start":{"line":234,"column":2},"end":{"line":237,"column":3}},"96":{"start":{"line":235,"column":21},"end":{"line":235,"column":92}},"97":{"start":{"line":236,"column":4},"end":{"line":236,"column":45}},"98":{"start":{"line":240,"column":2},"end":{"line":240,"column":17}},"99":{"start":{"line":243,"column":2},"end":{"line":243,"column":26}},"100":{"start":{"line":246,"column":2},"end":{"line":246,"column":33}},"101":{"start":{"line":247,"column":20},"end":{"line":247,"column":57}},"102":{"start":{"line":248,"column":25},"end":{"line":248,"column":67}},"103":{"start":{"line":249,"column":18},"end":{"line":249,"column":53}},"104":{"start":{"line":250,"column":20},"end":{"line":250,"column":57}},"105":{"start":{"line":252,"column":2},"end":{"line":252,"column":43}},"106":{"start":{"line":252,"column":17},"end":{"line":252,"column":43}},"107":{"start":{"line":253,"column":2},"end":{"line":253,"column":61}},"108":{"start":{"line":253,"column":22},"end":{"line":253,"column":61}},"109":{"start":{"line":254,"column":2},"end":{"line":254,"column":47}},"110":{"start":{"line":254,"column":15},"end":{"line":254,"column":47}},"111":{"start":{"line":255,"column":2},"end":{"line":255,"column":51}},"112":{"start":{"line":255,"column":17},"end":{"line":255,"column":51}},"113":{"start":{"line":256,"column":2},"end":{"line":256,"column":54}},"114":{"start":{"line":256,"column":17},"end":{"line":256,"column":54}},"115":{"start":{"line":263,"column":23},"end":{"line":263,"column":52}},"116":{"start":{"line":264,"column":20},"end":{"line":264,"column":67}},"117":{"start":{"line":266,"column":2},"end":{"line":272,"column":3}},"118":{"start":{"line":268,"column":4},"end":{"line":268,"column":51}},"119":{"start":{"line":271,"column":4},"end":{"line":271,"column":49}},"120":{"start":{"line":274,"column":2},"end":{"line":274,"column":17}},"121":{"start":{"line":281,"column":18},"end":{"line":281,"column":53}},"122":{"start":{"line":282,"column":2},"end":{"line":282,"column":23}},"123":{"start":{"line":282,"column":16},"end":{"line":282,"column":23}},"124":{"start":{"line":284,"column":20},"end":{"line":284,"column":85}},"125":{"start":{"line":286,"column":2},"end":{"line":292,"column":3}},"126":{"start":{"line":287,"column":4},"end":{"line":287,"column":46}},"127":{"start":{"line":288,"column":4},"end":{"line":288,"column":45}},"128":{"start":{"line":290,"column":4},"end":{"line":290,"column":48}},"129":{"start":{"line":291,"column":4},"end":{"line":291,"column":43}},"130":{"start":{"line":302,"column":20},"end":{"line":302,"column":64}},"131":{"start":{"line":303,"column":2},"end":{"line":303,"column":27}},"132":{"start":{"line":306,"column":19},"end":{"line":306,"column":52}},"133":{"start":{"line":308,"column":2},"end":{"line":339,"column":5}},"134":{"start":{"line":309,"column":23},"end":{"line":309,"column":52}},"135":{"start":{"line":310,"column":4},"end":{"line":310,"column":79}},"136":{"start":{"line":311,"column":4},"end":{"line":311,"column":46}},"137":{"start":{"line":312,"column":4},"end":{"line":312,"column":45}},"138":{"start":{"line":313,"column":4},"end":{"line":313,"column":49}},"139":{"start":{"line":316,"column":25},"end":{"line":316,"column":54}},"140":{"start":{"line":317,"column":4},"end":{"line":317,"column":148}},"141":{"start":{"line":318,"column":4},"end":{"line":318,"column":63}},"142":{"start":{"line":320,"column":23},"end":{"line":320,"column":52}},"143":{"start":{"line":321,"column":4},"end":{"line":321,"column":53}},"144":{"start":{"line":323,"column":4},"end":{"line":323,"column":36}},"145":{"start":{"line":325,"column":4},"end":{"line":325,"column":41}},"146":{"start":{"line":326,"column":4},"end":{"line":326,"column":39}},"147":{"start":{"line":329,"column":4},"end":{"line":329,"column":68}},"148":{"start":{"line":329,"column":47},"end":{"line":329,"column":66}},"149":{"start":{"line":330,"column":4},"end":{"line":335,"column":7}},"150":{"start":{"line":331,"column":6},"end":{"line":334,"column":7}},"151":{"start":{"line":332,"column":8},"end":{"line":332,"column":27}},"152":{"start":{"line":333,"column":8},"end":{"line":333,"column":28}},"153":{"start":{"line":338,"column":4},"end":{"line":338,"column":37}},"154":{"start":{"line":342,"column":2},"end":{"line":342,"column":34}},"155":{"start":{"line":351,"column":2},"end":{"line":353,"column":5}},"156":{"start":{"line":352,"column":4},"end":{"line":352,"column":38}},"157":{"start":{"line":356,"column":23},"end":{"line":356,"column":72}},"158":{"start":{"line":357,"column":2},"end":{"line":361,"column":3}},"159":{"start":{"line":358,"column":4},"end":{"line":358,"column":43}},"160":{"start":{"line":359,"column":4},"end":{"line":359,"column":36}},"161":{"start":{"line":360,"column":4},"end":{"line":360,"column":59}},"162":{"start":{"line":369,"column":2},"end":{"line":369,"column":47}},"163":{"start":{"line":369,"column":40},"end":{"line":369,"column":47}},"164":{"start":{"line":371,"column":19},"end":{"line":371,"column":68}},"165":{"start":{"line":372,"column":20},"end":{"line":372,"column":64}},"166":{"start":{"line":375,"column":2},"end":{"line":383,"column":5}},"167":{"start":{"line":386,"column":2},"end":{"line":388,"column":3}},"168":{"start":{"line":387,"column":4},"end":{"line":387,"column":21}},"169":{"start":{"line":391,"column":2},"end":{"line":393,"column":3}},"170":{"start":{"line":392,"column":6},"end":{"line":392,"column":72}},"171":{"start":{"line":395,"column":2},"end":{"line":395,"column":49}},"172":{"start":{"line":396,"column":2},"end":{"line":398,"column":3}},"173":{"start":{"line":397,"column":4},"end":{"line":397,"column":53}},"174":{"start":{"line":401,"column":2},"end":{"line":408,"column":5}},"175":{"start":{"line":402,"column":4},"end":{"line":402,"column":35}},"176":{"start":{"line":403,"column":4},"end":{"line":407,"column":5}},"177":{"start":{"line":404,"column":6},"end":{"line":404,"column":36}},"178":{"start":{"line":405,"column":11},"end":{"line":407,"column":5}},"179":{"start":{"line":406,"column":6},"end":{"line":406,"column":38}},"180":{"start":{"line":411,"column":26},"end":{"line":411,"column":69}},"181":{"start":{"line":412,"column":25},"end":{"line":412,"column":67}},"182":{"start":{"line":414,"column":2},"end":{"line":417,"column":3}},"183":{"start":{"line":415,"column":4},"end":{"line":415,"column":55}},"184":{"start":{"line":416,"column":4},"end":{"line":416,"column":46}},"185":{"start":{"line":420,"column":20},"end":{"line":420,"column":57}},"186":{"start":{"line":421,"column":18},"end":{"line":421,"column":53}},"187":{"start":{"line":422,"column":20},"end":{"line":422,"column":57}},"188":{"start":{"line":424,"column":2},"end":{"line":424,"column":51}},"189":{"start":{"line":424,"column":17},"end":{"line":424,"column":51}},"190":{"start":{"line":426,"column":25},"end":{"line":426,"column":88}},"191":{"start":{"line":427,"column":2},"end":{"line":431,"column":3}},"192":{"start":{"line":428,"column":4},"end":{"line":428,"column":56}},"193":{"start":{"line":428,"column":19},"end":{"line":428,"column":56}},"194":{"start":{"line":430,"column":4},"end":{"line":430,"column":52}},"195":{"start":{"line":430,"column":17},"end":{"line":430,"column":52}},"196":{"start":{"line":434,"column":2},"end":{"line":434,"column":23}},"197":{"start":{"line":435,"column":2},"end":{"line":435,"column":21}},"198":{"start":{"line":436,"column":2},"end":{"line":436,"column":25}},"199":{"start":{"line":443,"column":2},"end":{"line":443,"column":34}},"200":{"start":{"line":444,"column":2},"end":{"line":444,"column":17}},"201":{"start":{"line":451,"column":2},"end":{"line":451,"column":14}},"202":{"start":{"line":452,"column":2},"end":{"line":452,"column":19}},"203":{"start":{"line":453,"column":2},"end":{"line":453,"column":25}},"204":{"start":{"line":455,"column":2},"end":{"line":455,"column":22}},"205":{"start":{"line":456,"column":2},"end":{"line":456,"column":24}},"206":{"start":{"line":464,"column":20},"end":{"line":464,"column":111}},"207":{"start":{"line":466,"column":2},"end":{"line":469,"column":3}},"208":{"start":{"line":467,"column":4},"end":{"line":467,"column":16}},"209":{"start":{"line":468,"column":4},"end":{"line":468,"column":13}},"210":{"start":{"line":476,"column":2},"end":{"line":476,"column":18}},"211":{"start":{"line":477,"column":2},"end":{"line":477,"column":14}},"212":{"start":{"line":486,"column":2},"end":{"line":488,"column":3}},"213":{"start":{"line":487,"column":4},"end":{"line":487,"column":42}},"214":{"start":{"line":490,"column":2},"end":{"line":503,"column":4}},"215":{"start":{"line":506,"column":2},"end":{"line":515,"column":3}},"216":{"start":{"line":507,"column":4},"end":{"line":514,"column":5}},"217":{"start":{"line":509,"column":6},"end":{"line":509,"column":108}},"218":{"start":{"line":510,"column":6},"end":{"line":510,"column":69}},"219":{"start":{"line":511,"column":6},"end":{"line":511,"column":41}},"220":{"start":{"line":513,"column":6},"end":{"line":513,"column":61}},"221":{"start":{"line":527,"column":21},"end":{"line":527,"column":61}},"222":{"start":{"line":528,"column":2},"end":{"line":535,"column":3}},"223":{"start":{"line":529,"column":25},"end":{"line":529,"column":65}},"224":{"start":{"line":530,"column":4},"end":{"line":530,"column":49}},"225":{"start":{"line":531,"column":4},"end":{"line":531,"column":38}},"226":{"start":{"line":532,"column":4},"end":{"line":532,"column":90}},"227":{"start":{"line":533,"column":4},"end":{"line":533,"column":113}},"228":{"start":{"line":534,"column":4},"end":{"line":534,"column":72}},"229":{"start":{"line":537,"column":2},"end":{"line":537,"column":42}},"230":{"start":{"line":539,"column":2},"end":{"line":559,"column":11}},"231":{"start":{"line":540,"column":4},"end":{"line":540,"column":29}},"232":{"start":{"line":542,"column":20},"end":{"line":542,"column":59}},"233":{"start":{"line":543,"column":20},"end":{"line":543,"column":47}},"234":{"start":{"line":544,"column":22},"end":{"line":544,"column":73}},"235":{"start":{"line":546,"column":4},"end":{"line":546,"column":66}},"236":{"start":{"line":549,"column":4},"end":{"line":552,"column":5}},"237":{"start":{"line":550,"column":6},"end":{"line":550,"column":47}},"238":{"start":{"line":551,"column":6},"end":{"line":551,"column":51}},"239":{"start":{"line":555,"column":4},"end":{"line":558,"column":5}},"240":{"start":{"line":556,"column":6},"end":{"line":556,"column":18}},"241":{"start":{"line":557,"column":6},"end":{"line":557,"column":19}},"242":{"start":{"line":566,"column":2},"end":{"line":569,"column":3}},"243":{"start":{"line":567,"column":4},"end":{"line":567,"column":42}},"244":{"start":{"line":568,"column":4},"end":{"line":568,"column":34}},"245":{"start":{"line":571,"column":23},"end":{"line":571,"column":63}},"246":{"start":{"line":572,"column":2},"end":{"line":574,"column":3}},"247":{"start":{"line":573,"column":4},"end":{"line":573,"column":41}},"248":{"start":{"line":582,"column":14},"end":{"line":582,"column":51}},"249":{"start":{"line":583,"column":2},"end":{"line":583,"column":19}},"250":{"start":{"line":583,"column":12},"end":{"line":583,"column":19}},"251":{"start":{"line":585,"column":2},"end":{"line":637,"column":5}},"252":{"start":{"line":614,"column":14},"end":{"line":614,"column":33}},"253":{"start":{"line":631,"column":14},"end":{"line":631,"column":65}},"254":{"start":{"line":641,"column":2},"end":{"line":641,"column":75}},"255":{"start":{"line":641,"column":68},"end":{"line":641,"column":75}},"256":{"start":{"line":643,"column":18},"end":{"line":643,"column":55}},"257":{"start":{"line":644,"column":17},"end":{"line":644,"column":41}},"258":{"start":{"line":644,"column":34},"end":{"line":644,"column":40}},"259":{"start":{"line":645,"column":21},"end":{"line":645,"column":54}},"260":{"start":{"line":647,"column":2},"end":{"line":647,"column":49}},"261":{"start":{"line":648,"column":2},"end":{"line":648,"column":63}},"262":{"start":{"line":649,"column":2},"end":{"line":649,"column":37}},"263":{"start":{"line":653,"column":2},"end":{"line":653,"column":75}},"264":{"start":{"line":653,"column":68},"end":{"line":653,"column":75}},"265":{"start":{"line":655,"column":18},"end":{"line":655,"column":55}},"266":{"start":{"line":656,"column":15},"end":{"line":660,"column":4}},"267":{"start":{"line":657,"column":24},"end":{"line":657,"column":56}},"268":{"start":{"line":658,"column":4},"end":{"line":658,"column":58}},"269":{"start":{"line":658,"column":49},"end":{"line":658,"column":58}},"270":{"start":{"line":659,"column":4},"end":{"line":659,"column":59}},"271":{"start":{"line":662,"column":2},"end":{"line":662,"column":57}},"272":{"start":{"line":663,"column":2},"end":{"line":663,"column":43}},"273":{"start":{"line":671,"column":18},"end":{"line":671,"column":58}},"274":{"start":{"line":672,"column":2},"end":{"line":674,"column":3}},"275":{"start":{"line":673,"column":4},"end":{"line":673,"column":75}},"276":{"start":{"line":678,"column":25},"end":{"line":678,"column":67}},"277":{"start":{"line":679,"column":2},"end":{"line":679,"column":30}},"278":{"start":{"line":679,"column":23},"end":{"line":679,"column":30}},"279":{"start":{"line":681,"column":2},"end":{"line":684,"column":3}},"280":{"start":{"line":682,"column":4},"end":{"line":682,"column":47}},"281":{"start":{"line":683,"column":4},"end":{"line":683,"column":11}},"282":{"start":{"line":686,"column":2},"end":{"line":689,"column":3}},"283":{"start":{"line":687,"column":4},"end":{"line":687,"column":102}},"284":{"start":{"line":688,"column":4},"end":{"line":688,"column":11}},"285":{"start":{"line":691,"column":24},"end":{"line":691,"column":47}},"286":{"start":{"line":692,"column":23},"end":{"line":692,"column":37}},"287":{"start":{"line":693,"column":21},"end":{"line":693,"column":57}},"288":{"start":{"line":695,"column":22},"end":{"line":695,"column":63}},"289":{"start":{"line":696,"column":24},"end":{"line":696,"column":70}},"290":{"start":{"line":698,"column":2},"end":{"line":698,"column":32}},"291":{"start":{"line":699,"column":16},"end":{"line":699,"column":18}},"292":{"start":{"line":700,"column":20},"end":{"line":700,"column":22}},"293":{"start":{"line":702,"column":2},"end":{"line":717,"column":3}},"294":{"start":{"line":703,"column":4},"end":{"line":703,"column":35}},"295":{"start":{"line":704,"column":4},"end":{"line":704,"column":94}},"296":{"start":{"line":705,"column":9},"end":{"line":717,"column":3}},"297":{"start":{"line":706,"column":4},"end":{"line":706,"column":34}},"298":{"start":{"line":707,"column":4},"end":{"line":707,"column":70}},"299":{"start":{"line":708,"column":4},"end":{"line":710,"column":5}},"300":{"start":{"line":709,"column":6},"end":{"line":709,"column":86}},"301":{"start":{"line":712,"column":4},"end":{"line":712,"column":36}},"302":{"start":{"line":713,"column":4},"end":{"line":713,"column":74}},"303":{"start":{"line":714,"column":4},"end":{"line":716,"column":5}},"304":{"start":{"line":715,"column":6},"end":{"line":715,"column":88}},"305":{"start":{"line":719,"column":17},"end":{"line":719,"column":49}},"306":{"start":{"line":720,"column":2},"end":{"line":720,"column":33}},"307":{"start":{"line":722,"column":16},"end":{"line":722,"column":34}},"308":{"start":{"line":723,"column":2},"end":{"line":729,"column":3}},"309":{"start":{"line":724,"column":4},"end":{"line":724,"column":40}},"310":{"start":{"line":725,"column":4},"end":{"line":725,"column":39}},"311":{"start":{"line":726,"column":4},"end":{"line":726,"column":88}},"312":{"start":{"line":728,"column":4},"end":{"line":728,"column":41}},"313":{"start":{"line":737,"column":25},"end":{"line":737,"column":50}},"314":{"start":{"line":738,"column":25},"end":{"line":738,"column":39}},"315":{"start":{"line":739,"column":27},"end":{"line":739,"column":58}},"316":{"start":{"line":740,"column":21},"end":{"line":740,"column":60}},"317":{"start":{"line":742,"column":2},"end":{"line":742,"column":91}},"318":{"start":{"line":743,"column":2},"end":{"line":743,"column":72}},"319":{"start":{"line":744,"column":2},"end":{"line":744,"column":76}},"320":{"start":{"line":746,"column":2},"end":{"line":746,"column":35}},"321":{"start":{"line":747,"column":2},"end":{"line":747,"column":39}},"322":{"start":{"line":748,"column":2},"end":{"line":748,"column":21}},"323":{"start":{"line":752,"column":21},"end":{"line":752,"column":40}},"324":{"start":{"line":753,"column":16},"end":{"line":753,"column":60}},"325":{"start":{"line":755,"column":2},"end":{"line":755,"column":36}},"326":{"start":{"line":755,"column":29},"end":{"line":755,"column":36}},"327":{"start":{"line":757,"column":25},"end":{"line":757,"column":46}},"328":{"start":{"line":758,"column":21},"end":{"line":758,"column":55}},"329":{"start":{"line":760,"column":2},"end":{"line":769,"column":3}},"330":{"start":{"line":761,"column":4},"end":{"line":761,"column":94}},"331":{"start":{"line":762,"column":4},"end":{"line":762,"column":59}},"332":{"start":{"line":763,"column":9},"end":{"line":769,"column":3}},"333":{"start":{"line":764,"column":4},"end":{"line":764,"column":122}},"334":{"start":{"line":765,"column":4},"end":{"line":765,"column":57}},"335":{"start":{"line":767,"column":4},"end":{"line":767,"column":125}},"336":{"start":{"line":768,"column":4},"end":{"line":768,"column":59}},"337":{"start":{"line":771,"column":2},"end":{"line":771,"column":35}},"338":{"start":{"line":775,"column":29},"end":{"line":775,"column":75}},"339":{"start":{"line":776,"column":30},"end":{"line":776,"column":68}},"340":{"start":{"line":778,"column":2},"end":{"line":778,"column":58}},"341":{"start":{"line":778,"column":51},"end":{"line":778,"column":58}},"342":{"start":{"line":780,"column":16},"end":{"line":780,"column":18}},"343":{"start":{"line":781,"column":22},"end":{"line":781,"column":63}},"344":{"start":{"line":783,"column":2},"end":{"line":796,"column":3}},"345":{"start":{"line":784,"column":4},"end":{"line":784,"column":127}},"346":{"start":{"line":785,"column":4},"end":{"line":789,"column":5}},"347":{"start":{"line":786,"column":6},"end":{"line":786,"column":132}},"348":{"start":{"line":786,"column":100},"end":{"line":786,"column":116}},"349":{"start":{"line":788,"column":6},"end":{"line":788,"column":70}},"350":{"start":{"line":791,"column":4},"end":{"line":791,"column":108}},"351":{"start":{"line":792,"column":4},"end":{"line":794,"column":5}},"352":{"start":{"line":793,"column":6},"end":{"line":793,"column":97}},"353":{"start":{"line":793,"column":64},"end":{"line":793,"column":80}},"354":{"start":{"line":795,"column":4},"end":{"line":795,"column":84}},"355":{"start":{"line":798,"column":2},"end":{"line":798,"column":43}},"356":{"start":{"line":800,"column":2},"end":{"line":800,"column":37}},"357":{"start":{"line":801,"column":2},"end":{"line":812,"column":3}},"358":{"start":{"line":802,"column":22},"end":{"line":802,"column":62}},"359":{"start":{"line":803,"column":4},"end":{"line":811,"column":7}},"360":{"start":{"line":804,"column":19},"end":{"line":804,"column":46}},"361":{"start":{"line":805,"column":6},"end":{"line":805,"column":31}},"362":{"start":{"line":806,"column":6},"end":{"line":806,"column":29}},"363":{"start":{"line":807,"column":6},"end":{"line":807,"column":39}},"364":{"start":{"line":808,"column":6},"end":{"line":808,"column":118}},"365":{"start":{"line":809,"column":6},"end":{"line":809,"column":84}},"366":{"start":{"line":810,"column":6},"end":{"line":810,"column":44}},"367":{"start":{"line":820,"column":17},"end":{"line":820,"column":49}},"368":{"start":{"line":821,"column":17},"end":{"line":833,"column":3}},"369":{"start":{"line":835,"column":2},"end":{"line":848,"column":3}},"370":{"start":{"line":836,"column":4},"end":{"line":836,"column":95}},"371":{"start":{"line":838,"column":20},"end":{"line":838,"column":36}},"372":{"start":{"line":839,"column":4},"end":{"line":839,"column":25}},"373":{"start":{"line":841,"column":4},"end":{"line":843,"column":5}},"374":{"start":{"line":842,"column":6},"end":{"line":842,"column":22}},"375":{"start":{"line":845,"column":4},"end":{"line":845,"column":89}},"376":{"start":{"line":847,"column":4},"end":{"line":847,"column":70}},"377":{"start":{"line":852,"column":13},"end":{"line":852,"column":101}},"378":{"start":{"line":854,"column":2},"end":{"line":863,"column":3}},"379":{"start":{"line":855,"column":17},"end":{"line":855,"column":79}},"380":{"start":{"line":856,"column":4},"end":{"line":856,"column":42}},"381":{"start":{"line":858,"column":4},"end":{"line":858,"column":78}},"382":{"start":{"line":859,"column":4},"end":{"line":861,"column":18}},"383":{"start":{"line":860,"column":6},"end":{"line":860,"column":72}},"384":{"start":{"line":862,"column":4},"end":{"line":862,"column":16}},"385":{"start":{"line":867,"column":2},"end":{"line":876,"column":3}},"386":{"start":{"line":868,"column":17},"end":{"line":868,"column":76}},"387":{"start":{"line":869,"column":4},"end":{"line":869,"column":40}},"388":{"start":{"line":871,"column":4},"end":{"line":871,"column":71}},"389":{"start":{"line":872,"column":4},"end":{"line":874,"column":18}},"390":{"start":{"line":873,"column":6},"end":{"line":873,"column":69}},"391":{"start":{"line":875,"column":4},"end":{"line":875,"column":14}},"392":{"start":{"line":880,"column":21},"end":{"line":880,"column":68}},"393":{"start":{"line":881,"column":25},"end":{"line":881,"column":66}},"394":{"start":{"line":882,"column":21},"end":{"line":882,"column":54}},"395":{"start":{"line":883,"column":17},"end":{"line":883,"column":61}},"396":{"start":{"line":885,"column":2},"end":{"line":904,"column":3}},"397":{"start":{"line":886,"column":17},"end":{"line":886,"column":44}},"398":{"start":{"line":887,"column":4},"end":{"line":887,"column":48}},"399":{"start":{"line":889,"column":17},"end":{"line":889,"column":62}},"400":{"start":{"line":891,"column":19},"end":{"line":891,"column":51}},"401":{"start":{"line":892,"column":4},"end":{"line":892,"column":64}},"402":{"start":{"line":894,"column":20},"end":{"line":894,"column":148}},"403":{"start":{"line":896,"column":4},"end":{"line":896,"column":26}},"404":{"start":{"line":897,"column":4},"end":{"line":897,"column":29}},"405":{"start":{"line":898,"column":4},"end":{"line":898,"column":29}},"406":{"start":{"line":899,"column":4},"end":{"line":899,"column":31}},"407":{"start":{"line":900,"column":4},"end":{"line":900,"column":32}},"408":{"start":{"line":901,"column":4},"end":{"line":901,"column":38}},"409":{"start":{"line":902,"column":9},"end":{"line":904,"column":3}},"410":{"start":{"line":903,"column":4},"end":{"line":903,"column":35}},"411":{"start":{"line":908,"column":22},"end":{"line":908,"column":61}},"412":{"start":{"line":909,"column":2},"end":{"line":909,"column":27}},"413":{"start":{"line":909,"column":20},"end":{"line":909,"column":27}},"414":{"start":{"line":911,"column":18},"end":{"line":911,"column":34}},"415":{"start":{"line":913,"column":2},"end":{"line":916,"column":3}},"416":{"start":{"line":914,"column":4},"end":{"line":914,"column":107}},"417":{"start":{"line":915,"column":4},"end":{"line":915,"column":11}},"418":{"start":{"line":918,"column":24},"end":{"line":918,"column":51}},"419":{"start":{"line":919,"column":2},"end":{"line":933,"column":14}},"420":{"start":{"line":920,"column":17},"end":{"line":920,"column":104}},"421":{"start":{"line":921,"column":19},"end":{"line":921,"column":60}},"422":{"start":{"line":922,"column":23},"end":{"line":922,"column":97}},"423":{"start":{"line":924,"column":4},"end":{"line":932,"column":6}},"424":{"start":{"line":937,"column":20},"end":{"line":937,"column":124}},"425":{"start":{"line":938,"column":2},"end":{"line":938,"column":25}},"426":{"start":{"line":938,"column":18},"end":{"line":938,"column":25}},"427":{"start":{"line":940,"column":2},"end":{"line":954,"column":3}},"428":{"start":{"line":941,"column":4},"end":{"line":941,"column":67}},"429":{"start":{"line":942,"column":4},"end":{"line":942,"column":27}},"430":{"start":{"line":944,"column":24},"end":{"line":944,"column":63}},"431":{"start":{"line":945,"column":4},"end":{"line":950,"column":5}},"432":{"start":{"line":946,"column":6},"end":{"line":946,"column":115}},"433":{"start":{"line":947,"column":6},"end":{"line":949,"column":15}},"434":{"start":{"line":948,"column":8},"end":{"line":948,"column":111}},"435":{"start":{"line":952,"column":4},"end":{"line":952,"column":54}},"436":{"start":{"line":953,"column":4},"end":{"line":953,"column":67}},"437":{"start":{"line":962,"column":22},"end":{"line":962,"column":47}},"438":{"start":{"line":964,"column":2},"end":{"line":967,"column":3}},"439":{"start":{"line":965,"column":4},"end":{"line":965,"column":64}},"440":{"start":{"line":966,"column":4},"end":{"line":966,"column":11}},"441":{"start":{"line":969,"column":25},"end":{"line":969,"column":50}},"442":{"start":{"line":970,"column":25},"end":{"line":970,"column":39}},"443":{"start":{"line":971,"column":21},"end":{"line":971,"column":60}},"444":{"start":{"line":972,"column":15},"end":{"line":976,"column":4}},"445":{"start":{"line":978,"column":21},"end":{"line":1128,"column":3}},"446":{"start":{"line":1130,"column":2},"end":{"line":1130,"column":41}},"447":{"start":{"line":1131,"column":2},"end":{"line":1131,"column":31}},"448":{"start":{"line":1135,"column":2},"end":{"line":1135,"column":48}},"449":{"start":{"line":1135,"column":38},"end":{"line":1135,"column":48}},"450":{"start":{"line":1137,"column":18},"end":{"line":1137,"column":55}},"451":{"start":{"line":1138,"column":22},"end":{"line":1156,"column":13}},"452":{"start":{"line":1139,"column":19},"end":{"line":1139,"column":51}},"453":{"start":{"line":1140,"column":4},"end":{"line":1147,"column":5}},"454":{"start":{"line":1141,"column":6},"end":{"line":1146,"column":8}},"455":{"start":{"line":1149,"column":23},"end":{"line":1149,"column":60}},"456":{"start":{"line":1150,"column":4},"end":{"line":1155,"column":6}},"457":{"start":{"line":1158,"column":2},"end":{"line":1165,"column":4}},"458":{"start":{"line":1169,"column":16},"end":{"line":1169,"column":18}},"459":{"start":{"line":1170,"column":22},"end":{"line":1170,"column":63}},"460":{"start":{"line":1172,"column":2},"end":{"line":1185,"column":3}},"461":{"start":{"line":1173,"column":4},"end":{"line":1173,"column":124}},"462":{"start":{"line":1174,"column":4},"end":{"line":1178,"column":5}},"463":{"start":{"line":1175,"column":6},"end":{"line":1175,"column":132}},"464":{"start":{"line":1175,"column":100},"end":{"line":1175,"column":116}},"465":{"start":{"line":1177,"column":6},"end":{"line":1177,"column":70}},"466":{"start":{"line":1180,"column":4},"end":{"line":1180,"column":108}},"467":{"start":{"line":1181,"column":4},"end":{"line":1183,"column":5}},"468":{"start":{"line":1182,"column":6},"end":{"line":1182,"column":97}},"469":{"start":{"line":1182,"column":64},"end":{"line":1182,"column":80}},"470":{"start":{"line":1184,"column":4},"end":{"line":1184,"column":84}},"471":{"start":{"line":1187,"column":2},"end":{"line":1194,"column":4}},"472":{"start":{"line":1198,"column":24},"end":{"line":1231,"column":13}},"473":{"start":{"line":1199,"column":21},"end":{"line":1199,"column":77}},"474":{"start":{"line":1199,"column":50},"end":{"line":1199,"column":76}},"475":{"start":{"line":1200,"column":4},"end":{"line":1200,"column":29}},"476":{"start":{"line":1200,"column":19},"end":{"line":1200,"column":29}},"477":{"start":{"line":1202,"column":24},"end":{"line":1202,"column":66}},"478":{"start":{"line":1203,"column":23},"end":{"line":1203,"column":51}},"479":{"start":{"line":1204,"column":23},"end":{"line":1204,"column":65}},"480":{"start":{"line":1207,"column":22},"end":{"line":1207,"column":63}},"481":{"start":{"line":1208,"column":25},"end":{"line":1208,"column":128}},"482":{"start":{"line":1210,"column":4},"end":{"line":1230,"column":6}},"483":{"start":{"line":1233,"column":2},"end":{"line":1238,"column":4}},"484":{"start":{"line":1246,"column":22},"end":{"line":1246,"column":24}},"485":{"start":{"line":1248,"column":2},"end":{"line":1255,"column":5}},"486":{"start":{"line":1249,"column":4},"end":{"line":1254,"column":5}},"487":{"start":{"line":1250,"column":31},"end":{"line":1250,"column":68}},"488":{"start":{"line":1251,"column":6},"end":{"line":1253,"column":7}},"489":{"start":{"line":1252,"column":8},"end":{"line":1252,"column":35}},"490":{"start":{"line":1257,"column":2},"end":{"line":1257,"column":21}},"491":{"start":{"line":1261,"column":2},"end":{"line":1261,"column":54}},"492":{"start":{"line":1261,"column":38},"end":{"line":1261,"column":54}},"493":{"start":{"line":1263,"column":17},"end":{"line":1263,"column":83}},"494":{"start":{"line":1263,"column":65},"end":{"line":1263,"column":82}},"495":{"start":{"line":1264,"column":2},"end":{"line":1264,"column":41}},"496":{"start":{"line":1268,"column":18},"end":{"line":1268,"column":42}},"497":{"start":{"line":1269,"column":15},"end":{"line":1269,"column":27}},"498":{"start":{"line":1270,"column":2},"end":{"line":1270,"column":58}},"499":{"start":{"line":1274,"column":19},"end":{"line":1274,"column":29}},"500":{"start":{"line":1275,"column":2},"end":{"line":1278,"column":3}},"501":{"start":{"line":1275,"column":15},"end":{"line":1275,"column":34}},"502":{"start":{"line":1276,"column":14},"end":{"line":1276,"column":49}},"503":{"start":{"line":1277,"column":4},"end":{"line":1277,"column":60}},"504":{"start":{"line":1279,"column":2},"end":{"line":1279,"column":18}},"505":{"start":{"line":1287,"column":17},"end":{"line":1287,"column":41}},"506":{"start":{"line":1288,"column":20},"end":{"line":1288,"column":57}},"507":{"start":{"line":1289,"column":17},"end":{"line":1289,"column":48}},"508":{"start":{"line":1291,"column":2},"end":{"line":1299,"column":3}},"509":{"start":{"line":1292,"column":4},"end":{"line":1292,"column":50}},"510":{"start":{"line":1293,"column":4},"end":{"line":1293,"column":42}},"511":{"start":{"line":1294,"column":4},"end":{"line":1294,"column":57}},"512":{"start":{"line":1296,"column":4},"end":{"line":1296,"column":51}},"513":{"start":{"line":1297,"column":4},"end":{"line":1297,"column":60}},"514":{"start":{"line":1298,"column":4},"end":{"line":1298,"column":39}},"515":{"start":{"line":1301,"column":2},"end":{"line":1309,"column":3}},"516":{"start":{"line":1302,"column":22},"end":{"line":1302,"column":52}},"517":{"start":{"line":1303,"column":22},"end":{"line":1303,"column":80}},"518":{"start":{"line":1305,"column":4},"end":{"line":1305,"column":77}},"519":{"start":{"line":1306,"column":4},"end":{"line":1306,"column":70}},"520":{"start":{"line":1307,"column":4},"end":{"line":1307,"column":76}},"521":{"start":{"line":1308,"column":4},"end":{"line":1308,"column":39}},"522":{"start":{"line":1313,"column":21},"end":{"line":1313,"column":58}},"523":{"start":{"line":1314,"column":22},"end":{"line":1314,"column":100}},"524":{"start":{"line":1316,"column":2},"end":{"line":1323,"column":3}},"525":{"start":{"line":1317,"column":4},"end":{"line":1317,"column":51}},"526":{"start":{"line":1318,"column":22},"end":{"line":1318,"column":59}},"527":{"start":{"line":1319,"column":4},"end":{"line":1322,"column":5}},"528":{"start":{"line":1320,"column":6},"end":{"line":1320,"column":44}},"529":{"start":{"line":1321,"column":6},"end":{"line":1321,"column":59}},"530":{"start":{"line":1332,"column":2},"end":{"line":1332,"column":28}},"531":{"start":{"line":1332,"column":19},"end":{"line":1332,"column":28}},"532":{"start":{"line":1333,"column":2},"end":{"line":1333,"column":33}},"533":{"start":{"line":1337,"column":0},"end":{"line":1343,"column":1}},"534":{"start":{"line":1338,"column":2},"end":{"line":1342,"column":4}}},"fnMap":{"0":{"name":"(anonymous_0)","decl":{"start":{"line":46,"column":46},"end":{"line":46,"column":47}},"loc":{"start":{"line":46,"column":52},"end":{"line":59,"column":1}},"line":46},"1":{"name":"(anonymous_1)","decl":{"start":{"line":55,"column":42},"end":{"line":55,"column":43}},"loc":{"start":{"line":55,"column":48},"end":{"line":57,"column":5}},"line":55},"2":{"name":"showScreen","decl":{"start":{"line":69,"column":9},"end":{"line":69,"column":19}},"loc":{"start":{"line":69,"column":32},"end":{"line":90,"column":1}},"line":69},"3":{"name":"(anonymous_3)","decl":{"start":{"line":77,"column":33},"end":{"line":77,"column":34}},"loc":{"start":{"line":77,"column":43},"end":{"line":82,"column":3}},"line":77},"4":{"name":"goHome","decl":{"start":{"line":95,"column":9},"end":{"line":95,"column":15}},"loc":{"start":{"line":95,"column":18},"end":{"line":100,"column":1}},"line":95},"5":{"name":"startQuiz","decl":{"start":{"line":110,"column":15},"end":{"line":110,"column":24}},"loc":{"start":{"line":110,"column":27},"end":{"line":199,"column":1}},"line":110},"6":{"name":"(anonymous_6)","decl":{"start":{"line":140,"column":43},"end":{"line":140,"column":44}},"loc":{"start":{"line":140,"column":48},"end":{"line":140,"column":75}},"line":140},"7":{"name":"(anonymous_7)","decl":{"start":{"line":145,"column":43},"end":{"line":145,"column":44}},"loc":{"start":{"line":146,"column":8},"end":{"line":148,"column":75}},"line":146},"8":{"name":"(anonymous_8)","decl":{"start":{"line":179,"column":52},"end":{"line":179,"column":53}},"loc":{"start":{"line":179,"column":57},"end":{"line":181,"column":7}},"line":179},"9":{"name":"loadQuestion","decl":{"start":{"line":205,"column":9},"end":{"line":205,"column":21}},"loc":{"start":{"line":205,"column":24},"end":{"line":257,"column":1}},"line":205},"10":{"name":"toggleFlag","decl":{"start":{"line":262,"column":9},"end":{"line":262,"column":19}},"loc":{"start":{"line":262,"column":22},"end":{"line":275,"column":1}},"line":262},"11":{"name":"updateFlagUI","decl":{"start":{"line":280,"column":9},"end":{"line":280,"column":21}},"loc":{"start":{"line":280,"column":24},"end":{"line":293,"column":1}},"line":280},"12":{"name":"renderOptions","decl":{"start":{"line":301,"column":9},"end":{"line":301,"column":22}},"loc":{"start":{"line":301,"column":33},"end":{"line":343,"column":1}},"line":301},"13":{"name":"(anonymous_13)","decl":{"start":{"line":308,"column":27},"end":{"line":308,"column":28}},"loc":{"start":{"line":308,"column":46},"end":{"line":339,"column":3}},"line":308},"14":{"name":"(anonymous_14)","decl":{"start":{"line":329,"column":41},"end":{"line":329,"column":42}},"loc":{"start":{"line":329,"column":47},"end":{"line":329,"column":66}},"line":329},"15":{"name":"(anonymous_15)","decl":{"start":{"line":330,"column":44},"end":{"line":330,"column":45}},"loc":{"start":{"line":330,"column":51},"end":{"line":335,"column":5}},"line":330},"16":{"name":"selectOption","decl":{"start":{"line":349,"column":9},"end":{"line":349,"column":21}},"loc":{"start":{"line":349,"column":29},"end":{"line":362,"column":1}},"line":349},"17":{"name":"(anonymous_17)","decl":{"start":{"line":351,"column":52},"end":{"line":351,"column":53}},"loc":{"start":{"line":351,"column":60},"end":{"line":353,"column":3}},"line":351},"18":{"name":"submitAnswer","decl":{"start":{"line":368,"column":9},"end":{"line":368,"column":21}},"loc":{"start":{"line":368,"column":24},"end":{"line":437,"column":1}},"line":368},"19":{"name":"(anonymous_19)","decl":{"start":{"line":401,"column":52},"end":{"line":401,"column":53}},"loc":{"start":{"line":401,"column":69},"end":{"line":408,"column":3}},"line":401},"20":{"name":"nextQuestion","decl":{"start":{"line":442,"column":9},"end":{"line":442,"column":21}},"loc":{"start":{"line":442,"column":24},"end":{"line":445,"column":1}},"line":442},"21":{"name":"finishQuiz","decl":{"start":{"line":450,"column":9},"end":{"line":450,"column":19}},"loc":{"start":{"line":450,"column":22},"end":{"line":457,"column":1}},"line":450},"22":{"name":"cancelQuiz","decl":{"start":{"line":463,"column":9},"end":{"line":463,"column":19}},"loc":{"start":{"line":463,"column":22},"end":{"line":470,"column":1}},"line":463},"23":{"name":"retakeQuiz","decl":{"start":{"line":475,"column":9},"end":{"line":475,"column":19}},"loc":{"start":{"line":475,"column":22},"end":{"line":478,"column":1}},"line":475},"24":{"name":"resetAppState","decl":{"start":{"line":484,"column":9},"end":{"line":484,"column":22}},"loc":{"start":{"line":484,"column":25},"end":{"line":516,"column":1}},"line":484},"25":{"name":"startTimer","decl":{"start":{"line":526,"column":9},"end":{"line":526,"column":19}},"loc":{"start":{"line":526,"column":22},"end":{"line":560,"column":1}},"line":526},"26":{"name":"(anonymous_26)","decl":{"start":{"line":539,"column":39},"end":{"line":539,"column":40}},"loc":{"start":{"line":539,"column":45},"end":{"line":559,"column":3}},"line":539},"27":{"name":"stopTimer","decl":{"start":{"line":565,"column":9},"end":{"line":565,"column":18}},"loc":{"start":{"line":565,"column":21},"end":{"line":575,"column":1}},"line":565},"28":{"name":"initializeRadarChart","decl":{"start":{"line":581,"column":9},"end":{"line":581,"column":29}},"loc":{"start":{"line":581,"column":32},"end":{"line":638,"column":1}},"line":581},"29":{"name":"(anonymous_29)","decl":{"start":{"line":613,"column":22},"end":{"line":613,"column":23}},"loc":{"start":{"line":613,"column":38},"end":{"line":615,"column":13}},"line":613},"30":{"name":"(anonymous_30)","decl":{"start":{"line":630,"column":19},"end":{"line":630,"column":20}},"loc":{"start":{"line":630,"column":37},"end":{"line":632,"column":13}},"line":630},"31":{"name":"reinitializeRadarChart","decl":{"start":{"line":640,"column":9},"end":{"line":640,"column":31}},"loc":{"start":{"line":640,"column":34},"end":{"line":650,"column":1}},"line":640},"32":{"name":"(anonymous_32)","decl":{"start":{"line":644,"column":29},"end":{"line":644,"column":30}},"loc":{"start":{"line":644,"column":34},"end":{"line":644,"column":40}},"line":644},"33":{"name":"updateRadarChart","decl":{"start":{"line":652,"column":9},"end":{"line":652,"column":25}},"loc":{"start":{"line":652,"column":28},"end":{"line":664,"column":1}},"line":652},"34":{"name":"(anonymous_34)","decl":{"start":{"line":656,"column":27},"end":{"line":656,"column":28}},"loc":{"start":{"line":656,"column":37},"end":{"line":660,"column":3}},"line":656},"35":{"name":"updateScoreDisplay","decl":{"start":{"line":670,"column":9},"end":{"line":670,"column":27}},"loc":{"start":{"line":670,"column":30},"end":{"line":675,"column":1}},"line":670},"36":{"name":"updateDynamicInsight","decl":{"start":{"line":677,"column":9},"end":{"line":677,"column":29}},"loc":{"start":{"line":677,"column":52},"end":{"line":730,"column":1}},"line":677},"37":{"name":"showResultsScreen","decl":{"start":{"line":736,"column":9},"end":{"line":736,"column":26}},"loc":{"start":{"line":736,"column":29},"end":{"line":749,"column":1}},"line":736},"38":{"name":"showImprovementBadge","decl":{"start":{"line":751,"column":9},"end":{"line":751,"column":29}},"loc":{"start":{"line":751,"column":49},"end":{"line":772,"column":1}},"line":751},"39":{"name":"generateAIRecommendation","decl":{"start":{"line":774,"column":9},"end":{"line":774,"column":33}},"loc":{"start":{"line":774,"column":46},"end":{"line":813,"column":1}},"line":774},"40":{"name":"(anonymous_40)","decl":{"start":{"line":786,"column":95},"end":{"line":786,"column":96}},"loc":{"start":{"line":786,"column":100},"end":{"line":786,"column":116}},"line":786},"41":{"name":"(anonymous_41)","decl":{"start":{"line":793,"column":59},"end":{"line":793,"column":60}},"loc":{"start":{"line":793,"column":64},"end":{"line":793,"column":80}},"line":793},"42":{"name":"(anonymous_42)","decl":{"start":{"line":803,"column":22},"end":{"line":803,"column":23}},"loc":{"start":{"line":803,"column":34},"end":{"line":811,"column":5}},"line":803},"43":{"name":"saveQuizResult","decl":{"start":{"line":819,"column":9},"end":{"line":819,"column":23}},"loc":{"start":{"line":819,"column":26},"end":{"line":849,"column":1}},"line":819},"44":{"name":"getLastQuizResult","decl":{"start":{"line":851,"column":9},"end":{"line":851,"column":26}},"loc":{"start":{"line":851,"column":42},"end":{"line":864,"column":1}},"line":851},"45":{"name":"getQuizHistory","decl":{"start":{"line":866,"column":9},"end":{"line":866,"column":23}},"loc":{"start":{"line":866,"column":26},"end":{"line":877,"column":1}},"line":866},"46":{"name":"loadLastScore","decl":{"start":{"line":879,"column":9},"end":{"line":879,"column":22}},"loc":{"start":{"line":879,"column":25},"end":{"line":905,"column":1}},"line":879},"47":{"name":"updateHistoryDisplay","decl":{"start":{"line":907,"column":9},"end":{"line":907,"column":29}},"loc":{"start":{"line":907,"column":32},"end":{"line":934,"column":1}},"line":907},"48":{"name":"(anonymous_48)","decl":{"start":{"line":919,"column":44},"end":{"line":919,"column":45}},"loc":{"start":{"line":919,"column":54},"end":{"line":933,"column":3}},"line":919},"49":{"name":"clearHistory","decl":{"start":{"line":936,"column":9},"end":{"line":936,"column":21}},"loc":{"start":{"line":936,"column":24},"end":{"line":955,"column":1}},"line":936},"50":{"name":"(anonymous_50)","decl":{"start":{"line":947,"column":17},"end":{"line":947,"column":18}},"loc":{"start":{"line":947,"column":23},"end":{"line":949,"column":7}},"line":947},"51":{"name":"generatePerformanceReport","decl":{"start":{"line":961,"column":9},"end":{"line":961,"column":34}},"loc":{"start":{"line":961,"column":37},"end":{"line":1132,"column":1}},"line":961},"52":{"name":"generateDomainScoresHTML","decl":{"start":{"line":1134,"column":9},"end":{"line":1134,"column":33}},"loc":{"start":{"line":1134,"column":36},"end":{"line":1166,"column":1}},"line":1134},"53":{"name":"(anonymous_53)","decl":{"start":{"line":1138,"column":34},"end":{"line":1138,"column":35}},"loc":{"start":{"line":1138,"column":44},"end":{"line":1156,"column":3}},"line":1138},"54":{"name":"generateRecommendationHTML","decl":{"start":{"line":1168,"column":9},"end":{"line":1168,"column":35}},"loc":{"start":{"line":1168,"column":48},"end":{"line":1195,"column":1}},"line":1168},"55":{"name":"(anonymous_55)","decl":{"start":{"line":1175,"column":95},"end":{"line":1175,"column":96}},"loc":{"start":{"line":1175,"column":100},"end":{"line":1175,"column":116}},"line":1175},"56":{"name":"(anonymous_56)","decl":{"start":{"line":1182,"column":59},"end":{"line":1182,"column":60}},"loc":{"start":{"line":1182,"column":64},"end":{"line":1182,"column":80}},"line":1182},"57":{"name":"generateQuestionsReviewHTML","decl":{"start":{"line":1197,"column":9},"end":{"line":1197,"column":36}},"loc":{"start":{"line":1197,"column":39},"end":{"line":1239,"column":1}},"line":1197},"58":{"name":"(anonymous_58)","decl":{"start":{"line":1198,"column":45},"end":{"line":1198,"column":46}},"loc":{"start":{"line":1198,"column":64},"end":{"line":1231,"column":3}},"line":1198},"59":{"name":"(anonymous_59)","decl":{"start":{"line":1199,"column":45},"end":{"line":1199,"column":46}},"loc":{"start":{"line":1199,"column":50},"end":{"line":1199,"column":76}},"line":1199},"60":{"name":"getWeakDomains","decl":{"start":{"line":1245,"column":9},"end":{"line":1245,"column":23}},"loc":{"start":{"line":1245,"column":54},"end":{"line":1258,"column":1}},"line":1245},"61":{"name":"(anonymous_61)","decl":{"start":{"line":1248,"column":39},"end":{"line":1248,"column":40}},"loc":{"start":{"line":1248,"column":63},"end":{"line":1255,"column":3}},"line":1248},"62":{"name":"getDomainName","decl":{"start":{"line":1260,"column":9},"end":{"line":1260,"column":22}},"loc":{"start":{"line":1260,"column":33},"end":{"line":1265,"column":1}},"line":1260},"63":{"name":"(anonymous_63)","decl":{"start":{"line":1263,"column":60},"end":{"line":1263,"column":61}},"loc":{"start":{"line":1263,"column":65},"end":{"line":1263,"column":82}},"line":1263},"64":{"name":"formatTime","decl":{"start":{"line":1267,"column":9},"end":{"line":1267,"column":19}},"loc":{"start":{"line":1267,"column":29},"end":{"line":1271,"column":1}},"line":1267},"65":{"name":"shuffleArray","decl":{"start":{"line":1273,"column":9},"end":{"line":1273,"column":21}},"loc":{"start":{"line":1273,"column":29},"end":{"line":1280,"column":1}},"line":1273},"66":{"name":"toggleDarkMode","decl":{"start":{"line":1286,"column":9},"end":{"line":1286,"column":23}},"loc":{"start":{"line":1286,"column":26},"end":{"line":1310,"column":1}},"line":1286},"67":{"name":"initTheme","decl":{"start":{"line":1312,"column":9},"end":{"line":1312,"column":18}},"loc":{"start":{"line":1312,"column":21},"end":{"line":1324,"column":1}},"line":1312},"68":{"name":"calculatePercentage","decl":{"start":{"line":1331,"column":9},"end":{"line":1331,"column":28}},"loc":{"start":{"line":1331,"column":45},"end":{"line":1334,"column":1}},"line":1331}},"branchMap":{"0":{"loc":{"start":{"line":54,"column":2},"end":{"line":58,"column":3}},"type":"if","locations":[{"start":{"line":54,"column":2},"end":{"line":58,"column":3}},{"start":{},"end":{}}],"line":54},"1":{"loc":{"start":{"line":78,"column":4},"end":{"line":81,"column":5}},"type":"if","locations":[{"start":{"line":78,"column":4},"end":{"line":81,"column":5}},{"start":{},"end":{}}],"line":78},"2":{"loc":{"start":{"line":86,"column":2},"end":{"line":89,"column":3}},"type":"if","locations":[{"start":{"line":86,"column":2},"end":{"line":89,"column":3}},{"start":{},"end":{}}],"line":86},"3":{"loc":{"start":{"line":117,"column":21},"end":{"line":117,"column":88}},"type":"cond-expr","locations":[{"start":{"line":117,"column":40},"end":{"line":117,"column":83}},{"start":{"line":117,"column":86},"end":{"line":117,"column":88}}],"line":117},"4":{"loc":{"start":{"line":119,"column":25},"end":{"line":119,"column":66}},"type":"cond-expr","locations":[{"start":{"line":119,"column":38},"end":{"line":119,"column":54}},{"start":{"line":119,"column":57},"end":{"line":119,"column":66}}],"line":119},"5":{"loc":{"start":{"line":120,"column":19},"end":{"line":120,"column":94}},"type":"cond-expr","locations":[{"start":{"line":120,"column":36},"end":{"line":120,"column":66}},{"start":{"line":120,"column":69},"end":{"line":120,"column":94}}],"line":120},"6":{"loc":{"start":{"line":121,"column":21},"end":{"line":121,"column":70}},"type":"cond-expr","locations":[{"start":{"line":121,"column":40},"end":{"line":121,"column":62}},{"start":{"line":121,"column":65},"end":{"line":121,"column":70}}],"line":121},"7":{"loc":{"start":{"line":122,"column":19},"end":{"line":122,"column":84}},"type":"cond-expr","locations":[{"start":{"line":122,"column":68},"end":{"line":122,"column":75}},{"start":{"line":122,"column":78},"end":{"line":122,"column":84}}],"line":122},"8":{"loc":{"start":{"line":135,"column":4},"end":{"line":135,"column":75}},"type":"if","locations":[{"start":{"line":135,"column":4},"end":{"line":135,"column":75}},{"start":{},"end":{}}],"line":135},"9":{"loc":{"start":{"line":139,"column":4},"end":{"line":141,"column":5}},"type":"if","locations":[{"start":{"line":139,"column":4},"end":{"line":141,"column":5}},{"start":{},"end":{}}],"line":139},"10":{"loc":{"start":{"line":144,"column":4},"end":{"line":150,"column":5}},"type":"if","locations":[{"start":{"line":144,"column":4},"end":{"line":150,"column":5}},{"start":{},"end":{}}],"line":144},"11":{"loc":{"start":{"line":146,"column":8},"end":{"line":148,"column":75}},"type":"binary-expr","locations":[{"start":{"line":146,"column":8},"end":{"line":146,"column":53}},{"start":{"line":147,"column":8},"end":{"line":147,"column":51}},{"start":{"line":148,"column":9},"end":{"line":148,"column":22}},{"start":{"line":148,"column":26},"end":{"line":148,"column":74}}],"line":146},"12":{"loc":{"start":{"line":153,"column":4},"end":{"line":159,"column":5}},"type":"if","locations":[{"start":{"line":153,"column":4},"end":{"line":159,"column":5}},{"start":{},"end":{}}],"line":153},"13":{"loc":{"start":{"line":153,"column":8},"end":{"line":153,"column":52}},"type":"binary-expr","locations":[{"start":{"line":153,"column":8},"end":{"line":153,"column":22}},{"start":{"line":153,"column":26},"end":{"line":153,"column":52}}],"line":153},"14":{"loc":{"start":{"line":154,"column":22},"end":{"line":156,"column":70}},"type":"cond-expr","locations":[{"start":{"line":155,"column":10},"end":{"line":155,"column":84}},{"start":{"line":156,"column":10},"end":{"line":156,"column":70}}],"line":154},"15":{"loc":{"start":{"line":165,"column":4},"end":{"line":167,"column":5}},"type":"if","locations":[{"start":{"line":165,"column":4},"end":{"line":167,"column":5}},{"start":{},"end":{}}],"line":165},"16":{"loc":{"start":{"line":178,"column":4},"end":{"line":182,"column":5}},"type":"if","locations":[{"start":{"line":178,"column":4},"end":{"line":182,"column":5}},{"start":{},"end":{}}],"line":178},"17":{"loc":{"start":{"line":178,"column":8},"end":{"line":178,"column":78}},"type":"binary-expr","locations":[{"start":{"line":178,"column":8},"end":{"line":178,"column":37}},{"start":{"line":178,"column":41},"end":{"line":178,"column":78}}],"line":178},"18":{"loc":{"start":{"line":187,"column":4},"end":{"line":187,"column":42}},"type":"if","locations":[{"start":{"line":187,"column":4},"end":{"line":187,"column":42}},{"start":{},"end":{}}],"line":187},"19":{"loc":{"start":{"line":207,"column":2},"end":{"line":207,"column":24}},"type":"if","locations":[{"start":{"line":207,"column":2},"end":{"line":207,"column":24}},{"start":{},"end":{}}],"line":207},"20":{"loc":{"start":{"line":215,"column":2},"end":{"line":217,"column":3}},"type":"if","locations":[{"start":{"line":215,"column":2},"end":{"line":217,"column":3}},{"start":{},"end":{}}],"line":215},"21":{"loc":{"start":{"line":219,"column":2},"end":{"line":222,"column":3}},"type":"if","locations":[{"start":{"line":219,"column":2},"end":{"line":222,"column":3}},{"start":{},"end":{}}],"line":219},"22":{"loc":{"start":{"line":224,"column":2},"end":{"line":226,"column":3}},"type":"if","locations":[{"start":{"line":224,"column":2},"end":{"line":226,"column":3}},{"start":{},"end":{}}],"line":224},"23":{"loc":{"start":{"line":228,"column":2},"end":{"line":230,"column":3}},"type":"if","locations":[{"start":{"line":228,"column":2},"end":{"line":230,"column":3}},{"start":{},"end":{}}],"line":228},"24":{"loc":{"start":{"line":234,"column":2},"end":{"line":237,"column":3}},"type":"if","locations":[{"start":{"line":234,"column":2},"end":{"line":237,"column":3}},{"start":{},"end":{}}],"line":234},"25":{"loc":{"start":{"line":252,"column":2},"end":{"line":252,"column":43}},"type":"if","locations":[{"start":{"line":252,"column":2},"end":{"line":252,"column":43}},{"start":{},"end":{}}],"line":252},"26":{"loc":{"start":{"line":253,"column":2},"end":{"line":253,"column":61}},"type":"if","locations":[{"start":{"line":253,"column":2},"end":{"line":253,"column":61}},{"start":{},"end":{}}],"line":253},"27":{"loc":{"start":{"line":254,"column":2},"end":{"line":254,"column":47}},"type":"if","locations":[{"start":{"line":254,"column":2},"end":{"line":254,"column":47}},{"start":{},"end":{}}],"line":254},"28":{"loc":{"start":{"line":255,"column":2},"end":{"line":255,"column":51}},"type":"if","locations":[{"start":{"line":255,"column":2},"end":{"line":255,"column":51}},{"start":{},"end":{}}],"line":255},"29":{"loc":{"start":{"line":256,"column":2},"end":{"line":256,"column":54}},"type":"if","locations":[{"start":{"line":256,"column":2},"end":{"line":256,"column":54}},{"start":{},"end":{}}],"line":256},"30":{"loc":{"start":{"line":266,"column":2},"end":{"line":272,"column":3}},"type":"if","locations":[{"start":{"line":266,"column":2},"end":{"line":272,"column":3}},{"start":{"line":269,"column":9},"end":{"line":272,"column":3}}],"line":266},"31":{"loc":{"start":{"line":282,"column":2},"end":{"line":282,"column":23}},"type":"if","locations":[{"start":{"line":282,"column":2},"end":{"line":282,"column":23}},{"start":{},"end":{}}],"line":282},"32":{"loc":{"start":{"line":286,"column":2},"end":{"line":292,"column":3}},"type":"if","locations":[{"start":{"line":286,"column":2},"end":{"line":292,"column":3}},{"start":{"line":289,"column":9},"end":{"line":292,"column":3}}],"line":286},"33":{"loc":{"start":{"line":331,"column":6},"end":{"line":334,"column":7}},"type":"if","locations":[{"start":{"line":331,"column":6},"end":{"line":334,"column":7}},{"start":{},"end":{}}],"line":331},"34":{"loc":{"start":{"line":331,"column":10},"end":{"line":331,"column":44}},"type":"binary-expr","locations":[{"start":{"line":331,"column":10},"end":{"line":331,"column":27}},{"start":{"line":331,"column":31},"end":{"line":331,"column":44}}],"line":331},"35":{"loc":{"start":{"line":357,"column":2},"end":{"line":361,"column":3}},"type":"if","locations":[{"start":{"line":357,"column":2},"end":{"line":361,"column":3}},{"start":{},"end":{}}],"line":357},"36":{"loc":{"start":{"line":369,"column":2},"end":{"line":369,"column":47}},"type":"if","locations":[{"start":{"line":369,"column":2},"end":{"line":369,"column":47}},{"start":{},"end":{}}],"line":369},"37":{"loc":{"start":{"line":386,"column":2},"end":{"line":388,"column":3}},"type":"if","locations":[{"start":{"line":386,"column":2},"end":{"line":388,"column":3}},{"start":{},"end":{}}],"line":386},"38":{"loc":{"start":{"line":391,"column":2},"end":{"line":393,"column":3}},"type":"if","locations":[{"start":{"line":391,"column":2},"end":{"line":393,"column":3}},{"start":{},"end":{}}],"line":391},"39":{"loc":{"start":{"line":396,"column":2},"end":{"line":398,"column":3}},"type":"if","locations":[{"start":{"line":396,"column":2},"end":{"line":398,"column":3}},{"start":{},"end":{}}],"line":396},"40":{"loc":{"start":{"line":403,"column":4},"end":{"line":407,"column":5}},"type":"if","locations":[{"start":{"line":403,"column":4},"end":{"line":407,"column":5}},{"start":{"line":405,"column":11},"end":{"line":407,"column":5}}],"line":403},"41":{"loc":{"start":{"line":405,"column":11},"end":{"line":407,"column":5}},"type":"if","locations":[{"start":{"line":405,"column":11},"end":{"line":407,"column":5}},{"start":{},"end":{}}],"line":405},"42":{"loc":{"start":{"line":405,"column":15},"end":{"line":405,"column":62}},"type":"binary-expr","locations":[{"start":{"line":405,"column":15},"end":{"line":405,"column":48}},{"start":{"line":405,"column":52},"end":{"line":405,"column":62}}],"line":405},"43":{"loc":{"start":{"line":414,"column":2},"end":{"line":417,"column":3}},"type":"if","locations":[{"start":{"line":414,"column":2},"end":{"line":417,"column":3}},{"start":{},"end":{}}],"line":414},"44":{"loc":{"start":{"line":414,"column":6},"end":{"line":414,"column":39}},"type":"binary-expr","locations":[{"start":{"line":414,"column":6},"end":{"line":414,"column":21}},{"start":{"line":414,"column":25},"end":{"line":414,"column":39}}],"line":414},"45":{"loc":{"start":{"line":424,"column":2},"end":{"line":424,"column":51}},"type":"if","locations":[{"start":{"line":424,"column":2},"end":{"line":424,"column":51}},{"start":{},"end":{}}],"line":424},"46":{"loc":{"start":{"line":427,"column":2},"end":{"line":431,"column":3}},"type":"if","locations":[{"start":{"line":427,"column":2},"end":{"line":431,"column":3}},{"start":{"line":429,"column":9},"end":{"line":431,"column":3}}],"line":427},"47":{"loc":{"start":{"line":428,"column":4},"end":{"line":428,"column":56}},"type":"if","locations":[{"start":{"line":428,"column":4},"end":{"line":428,"column":56}},{"start":{},"end":{}}],"line":428},"48":{"loc":{"start":{"line":430,"column":4},"end":{"line":430,"column":52}},"type":"if","locations":[{"start":{"line":430,"column":4},"end":{"line":430,"column":52}},{"start":{},"end":{}}],"line":430},"49":{"loc":{"start":{"line":466,"column":2},"end":{"line":469,"column":3}},"type":"if","locations":[{"start":{"line":466,"column":2},"end":{"line":469,"column":3}},{"start":{},"end":{}}],"line":466},"50":{"loc":{"start":{"line":486,"column":2},"end":{"line":488,"column":3}},"type":"if","locations":[{"start":{"line":486,"column":2},"end":{"line":488,"column":3}},{"start":{},"end":{}}],"line":486},"51":{"loc":{"start":{"line":506,"column":2},"end":{"line":515,"column":3}},"type":"if","locations":[{"start":{"line":506,"column":2},"end":{"line":515,"column":3}},{"start":{},"end":{}}],"line":506},"52":{"loc":{"start":{"line":528,"column":2},"end":{"line":535,"column":3}},"type":"if","locations":[{"start":{"line":528,"column":2},"end":{"line":535,"column":3}},{"start":{},"end":{}}],"line":528},"53":{"loc":{"start":{"line":549,"column":4},"end":{"line":552,"column":5}},"type":"if","locations":[{"start":{"line":549,"column":4},"end":{"line":552,"column":5}},{"start":{},"end":{}}],"line":549},"54":{"loc":{"start":{"line":549,"column":8},"end":{"line":549,"column":67}},"type":"binary-expr","locations":[{"start":{"line":549,"column":8},"end":{"line":549,"column":37}},{"start":{"line":549,"column":41},"end":{"line":549,"column":67}}],"line":549},"55":{"loc":{"start":{"line":555,"column":4},"end":{"line":558,"column":5}},"type":"if","locations":[{"start":{"line":555,"column":4},"end":{"line":558,"column":5}},{"start":{},"end":{}}],"line":555},"56":{"loc":{"start":{"line":566,"column":2},"end":{"line":569,"column":3}},"type":"if","locations":[{"start":{"line":566,"column":2},"end":{"line":569,"column":3}},{"start":{},"end":{}}],"line":566},"57":{"loc":{"start":{"line":572,"column":2},"end":{"line":574,"column":3}},"type":"if","locations":[{"start":{"line":572,"column":2},"end":{"line":574,"column":3}},{"start":{},"end":{}}],"line":572},"58":{"loc":{"start":{"line":583,"column":2},"end":{"line":583,"column":19}},"type":"if","locations":[{"start":{"line":583,"column":2},"end":{"line":583,"column":19}},{"start":{},"end":{}}],"line":583},"59":{"loc":{"start":{"line":641,"column":2},"end":{"line":641,"column":75}},"type":"if","locations":[{"start":{"line":641,"column":2},"end":{"line":641,"column":75}},{"start":{},"end":{}}],"line":641},"60":{"loc":{"start":{"line":641,"column":6},"end":{"line":641,"column":66}},"type":"binary-expr","locations":[{"start":{"line":641,"column":6},"end":{"line":641,"column":32}},{"start":{"line":641,"column":36},"end":{"line":641,"column":66}}],"line":641},"61":{"loc":{"start":{"line":653,"column":2},"end":{"line":653,"column":75}},"type":"if","locations":[{"start":{"line":653,"column":2},"end":{"line":653,"column":75}},{"start":{},"end":{}}],"line":653},"62":{"loc":{"start":{"line":653,"column":6},"end":{"line":653,"column":66}},"type":"binary-expr","locations":[{"start":{"line":653,"column":6},"end":{"line":653,"column":32}},{"start":{"line":653,"column":36},"end":{"line":653,"column":66}}],"line":653},"63":{"loc":{"start":{"line":658,"column":4},"end":{"line":658,"column":58}},"type":"if","locations":[{"start":{"line":658,"column":4},"end":{"line":658,"column":58}},{"start":{},"end":{}}],"line":658},"64":{"loc":{"start":{"line":658,"column":8},"end":{"line":658,"column":47}},"type":"binary-expr","locations":[{"start":{"line":658,"column":8},"end":{"line":658,"column":20}},{"start":{"line":658,"column":24},"end":{"line":658,"column":47}}],"line":658},"65":{"loc":{"start":{"line":672,"column":2},"end":{"line":674,"column":3}},"type":"if","locations":[{"start":{"line":672,"column":2},"end":{"line":674,"column":3}},{"start":{},"end":{}}],"line":672},"66":{"loc":{"start":{"line":677,"column":30},"end":{"line":677,"column":50}},"type":"default-arg","locations":[{"start":{"line":677,"column":46},"end":{"line":677,"column":50}}],"line":677},"67":{"loc":{"start":{"line":679,"column":2},"end":{"line":679,"column":30}},"type":"if","locations":[{"start":{"line":679,"column":2},"end":{"line":679,"column":30}},{"start":{},"end":{}}],"line":679},"68":{"loc":{"start":{"line":681,"column":2},"end":{"line":684,"column":3}},"type":"if","locations":[{"start":{"line":681,"column":2},"end":{"line":684,"column":3}},{"start":{},"end":{}}],"line":681},"69":{"loc":{"start":{"line":686,"column":2},"end":{"line":689,"column":3}},"type":"if","locations":[{"start":{"line":686,"column":2},"end":{"line":689,"column":3}},{"start":{},"end":{}}],"line":686},"70":{"loc":{"start":{"line":696,"column":24},"end":{"line":696,"column":70}},"type":"cond-expr","locations":[{"start":{"line":696,"column":49},"end":{"line":696,"column":63}},{"start":{"line":696,"column":66},"end":{"line":696,"column":70}}],"line":696},"71":{"loc":{"start":{"line":702,"column":2},"end":{"line":717,"column":3}},"type":"if","locations":[{"start":{"line":702,"column":2},"end":{"line":717,"column":3}},{"start":{"line":705,"column":9},"end":{"line":717,"column":3}}],"line":702},"72":{"loc":{"start":{"line":705,"column":9},"end":{"line":717,"column":3}},"type":"if","locations":[{"start":{"line":705,"column":9},"end":{"line":717,"column":3}},{"start":{"line":711,"column":9},"end":{"line":717,"column":3}}],"line":705},"73":{"loc":{"start":{"line":708,"column":4},"end":{"line":710,"column":5}},"type":"if","locations":[{"start":{"line":708,"column":4},"end":{"line":710,"column":5}},{"start":{},"end":{}}],"line":708},"74":{"loc":{"start":{"line":714,"column":4},"end":{"line":716,"column":5}},"type":"if","locations":[{"start":{"line":714,"column":4},"end":{"line":716,"column":5}},{"start":{},"end":{}}],"line":714},"75":{"loc":{"start":{"line":723,"column":2},"end":{"line":729,"column":3}},"type":"if","locations":[{"start":{"line":723,"column":2},"end":{"line":729,"column":3}},{"start":{"line":727,"column":9},"end":{"line":729,"column":3}}],"line":723},"76":{"loc":{"start":{"line":755,"column":2},"end":{"line":755,"column":36}},"type":"if","locations":[{"start":{"line":755,"column":2},"end":{"line":755,"column":36}},{"start":{},"end":{}}],"line":755},"77":{"loc":{"start":{"line":755,"column":6},"end":{"line":755,"column":27}},"type":"binary-expr","locations":[{"start":{"line":755,"column":6},"end":{"line":755,"column":17}},{"start":{"line":755,"column":21},"end":{"line":755,"column":27}}],"line":755},"78":{"loc":{"start":{"line":760,"column":2},"end":{"line":769,"column":3}},"type":"if","locations":[{"start":{"line":760,"column":2},"end":{"line":769,"column":3}},{"start":{"line":763,"column":9},"end":{"line":769,"column":3}}],"line":760},"79":{"loc":{"start":{"line":763,"column":9},"end":{"line":769,"column":3}},"type":"if","locations":[{"start":{"line":763,"column":9},"end":{"line":769,"column":3}},{"start":{"line":766,"column":9},"end":{"line":769,"column":3}}],"line":763},"80":{"loc":{"start":{"line":778,"column":2},"end":{"line":778,"column":58}},"type":"if","locations":[{"start":{"line":778,"column":2},"end":{"line":778,"column":58}},{"start":{},"end":{}}],"line":778},"81":{"loc":{"start":{"line":778,"column":6},"end":{"line":778,"column":49}},"type":"binary-expr","locations":[{"start":{"line":778,"column":6},"end":{"line":778,"column":25}},{"start":{"line":778,"column":29},"end":{"line":778,"column":49}}],"line":778},"82":{"loc":{"start":{"line":783,"column":2},"end":{"line":796,"column":3}},"type":"if","locations":[{"start":{"line":783,"column":2},"end":{"line":796,"column":3}},{"start":{"line":790,"column":9},"end":{"line":796,"column":3}}],"line":783},"83":{"loc":{"start":{"line":785,"column":4},"end":{"line":789,"column":5}},"type":"if","locations":[{"start":{"line":785,"column":4},"end":{"line":789,"column":5}},{"start":{"line":787,"column":11},"end":{"line":789,"column":5}}],"line":785},"84":{"loc":{"start":{"line":792,"column":4},"end":{"line":794,"column":5}},"type":"if","locations":[{"start":{"line":792,"column":4},"end":{"line":794,"column":5}},{"start":{},"end":{}}],"line":792},"85":{"loc":{"start":{"line":801,"column":2},"end":{"line":812,"column":3}},"type":"if","locations":[{"start":{"line":801,"column":2},"end":{"line":812,"column":3}},{"start":{},"end":{}}],"line":801},"86":{"loc":{"start":{"line":841,"column":4},"end":{"line":843,"column":5}},"type":"if","locations":[{"start":{"line":841,"column":4},"end":{"line":843,"column":5}},{"start":{},"end":{}}],"line":841},"87":{"loc":{"start":{"line":851,"column":27},"end":{"line":851,"column":40}},"type":"default-arg","locations":[{"start":{"line":851,"column":36},"end":{"line":851,"column":40}}],"line":851},"88":{"loc":{"start":{"line":852,"column":13},"end":{"line":852,"column":101}},"type":"binary-expr","locations":[{"start":{"line":852,"column":13},"end":{"line":852,"column":19}},{"start":{"line":852,"column":24},"end":{"line":852,"column":100}}],"line":852},"89":{"loc":{"start":{"line":852,"column":24},"end":{"line":852,"column":100}},"type":"cond-expr","locations":[{"start":{"line":852,"column":56},"end":{"line":852,"column":88}},{"start":{"line":852,"column":91},"end":{"line":852,"column":100}}],"line":852},"90":{"loc":{"start":{"line":856,"column":11},"end":{"line":856,"column":41}},"type":"cond-expr","locations":[{"start":{"line":856,"column":18},"end":{"line":856,"column":34}},{"start":{"line":856,"column":37},"end":{"line":856,"column":41}}],"line":856},"91":{"loc":{"start":{"line":869,"column":11},"end":{"line":869,"column":39}},"type":"cond-expr","locations":[{"start":{"line":869,"column":18},"end":{"line":869,"column":34}},{"start":{"line":869,"column":37},"end":{"line":869,"column":39}}],"line":869},"92":{"loc":{"start":{"line":881,"column":25},"end":{"line":881,"column":66}},"type":"cond-expr","locations":[{"start":{"line":881,"column":38},"end":{"line":881,"column":54}},{"start":{"line":881,"column":57},"end":{"line":881,"column":66}}],"line":881},"93":{"loc":{"start":{"line":885,"column":2},"end":{"line":904,"column":3}},"type":"if","locations":[{"start":{"line":885,"column":2},"end":{"line":904,"column":3}},{"start":{"line":902,"column":9},"end":{"line":904,"column":3}}],"line":885},"94":{"loc":{"start":{"line":885,"column":6},"end":{"line":885,"column":26}},"type":"binary-expr","locations":[{"start":{"line":885,"column":6},"end":{"line":885,"column":16}},{"start":{"line":885,"column":20},"end":{"line":885,"column":26}}],"line":885},"95":{"loc":{"start":{"line":902,"column":9},"end":{"line":904,"column":3}},"type":"if","locations":[{"start":{"line":902,"column":9},"end":{"line":904,"column":3}},{"start":{},"end":{}}],"line":902},"96":{"loc":{"start":{"line":909,"column":2},"end":{"line":909,"column":27}},"type":"if","locations":[{"start":{"line":909,"column":2},"end":{"line":909,"column":27}},{"start":{},"end":{}}],"line":909},"97":{"loc":{"start":{"line":913,"column":2},"end":{"line":916,"column":3}},"type":"if","locations":[{"start":{"line":913,"column":2},"end":{"line":916,"column":3}},{"start":{},"end":{}}],"line":913},"98":{"loc":{"start":{"line":922,"column":23},"end":{"line":922,"column":97}},"type":"cond-expr","locations":[{"start":{"line":922,"column":32},"end":{"line":922,"column":64}},{"start":{"line":922,"column":67},"end":{"line":922,"column":97}}],"line":922},"99":{"loc":{"start":{"line":930,"column":41},"end":{"line":930,"column":84}},"type":"cond-expr","locations":[{"start":{"line":930,"column":50},"end":{"line":930,"column":66}},{"start":{"line":930,"column":69},"end":{"line":930,"column":84}}],"line":930},"100":{"loc":{"start":{"line":938,"column":2},"end":{"line":938,"column":25}},"type":"if","locations":[{"start":{"line":938,"column":2},"end":{"line":938,"column":25}},{"start":{},"end":{}}],"line":938},"101":{"loc":{"start":{"line":945,"column":4},"end":{"line":950,"column":5}},"type":"if","locations":[{"start":{"line":945,"column":4},"end":{"line":950,"column":5}},{"start":{},"end":{}}],"line":945},"102":{"loc":{"start":{"line":964,"column":2},"end":{"line":967,"column":3}},"type":"if","locations":[{"start":{"line":964,"column":2},"end":{"line":967,"column":3}},{"start":{},"end":{}}],"line":964},"103":{"loc":{"start":{"line":1135,"column":2},"end":{"line":1135,"column":48}},"type":"if","locations":[{"start":{"line":1135,"column":2},"end":{"line":1135,"column":48}},{"start":{},"end":{}}],"line":1135},"104":{"loc":{"start":{"line":1140,"column":4},"end":{"line":1147,"column":5}},"type":"if","locations":[{"start":{"line":1140,"column":4},"end":{"line":1147,"column":5}},{"start":{},"end":{}}],"line":1140},"105":{"loc":{"start":{"line":1140,"column":8},"end":{"line":1140,"column":37}},"type":"binary-expr","locations":[{"start":{"line":1140,"column":8},"end":{"line":1140,"column":15}},{"start":{"line":1140,"column":19},"end":{"line":1140,"column":37}}],"line":1140},"106":{"loc":{"start":{"line":1172,"column":2},"end":{"line":1185,"column":3}},"type":"if","locations":[{"start":{"line":1172,"column":2},"end":{"line":1185,"column":3}},{"start":{"line":1179,"column":9},"end":{"line":1185,"column":3}}],"line":1172},"107":{"loc":{"start":{"line":1174,"column":4},"end":{"line":1178,"column":5}},"type":"if","locations":[{"start":{"line":1174,"column":4},"end":{"line":1178,"column":5}},{"start":{"line":1176,"column":11},"end":{"line":1178,"column":5}}],"line":1174},"108":{"loc":{"start":{"line":1181,"column":4},"end":{"line":1183,"column":5}},"type":"if","locations":[{"start":{"line":1181,"column":4},"end":{"line":1183,"column":5}},{"start":{},"end":{}}],"line":1181},"109":{"loc":{"start":{"line":1200,"column":4},"end":{"line":1200,"column":29}},"type":"if","locations":[{"start":{"line":1200,"column":4},"end":{"line":1200,"column":29}},{"start":{},"end":{}}],"line":1200},"110":{"loc":{"start":{"line":1202,"column":24},"end":{"line":1202,"column":66}},"type":"cond-expr","locations":[{"start":{"line":1202,"column":43},"end":{"line":1202,"column":52}},{"start":{"line":1202,"column":55},"end":{"line":1202,"column":66}}],"line":1202},"111":{"loc":{"start":{"line":1203,"column":23},"end":{"line":1203,"column":51}},"type":"cond-expr","locations":[{"start":{"line":1203,"column":42},"end":{"line":1203,"column":45}},{"start":{"line":1203,"column":48},"end":{"line":1203,"column":51}}],"line":1203},"112":{"loc":{"start":{"line":1204,"column":23},"end":{"line":1204,"column":65}},"type":"cond-expr","locations":[{"start":{"line":1204,"column":42},"end":{"line":1204,"column":51}},{"start":{"line":1204,"column":54},"end":{"line":1204,"column":65}}],"line":1204},"113":{"loc":{"start":{"line":1208,"column":25},"end":{"line":1208,"column":128}},"type":"cond-expr","locations":[{"start":{"line":1208,"column":37},"end":{"line":1208,"column":123}},{"start":{"line":1208,"column":126},"end":{"line":1208,"column":128}}],"line":1208},"114":{"loc":{"start":{"line":1218,"column":10},"end":{"line":1222,"column":14}},"type":"cond-expr","locations":[{"start":{"line":1218,"column":30},"end":{"line":1222,"column":9}},{"start":{"line":1222,"column":12},"end":{"line":1222,"column":14}}],"line":1218},"115":{"loc":{"start":{"line":1245,"column":38},"end":{"line":1245,"column":52}},"type":"default-arg","locations":[{"start":{"line":1245,"column":50},"end":{"line":1245,"column":52}}],"line":1245},"116":{"loc":{"start":{"line":1249,"column":4},"end":{"line":1254,"column":5}},"type":"if","locations":[{"start":{"line":1249,"column":4},"end":{"line":1254,"column":5}},{"start":{},"end":{}}],"line":1249},"117":{"loc":{"start":{"line":1251,"column":6},"end":{"line":1253,"column":7}},"type":"if","locations":[{"start":{"line":1251,"column":6},"end":{"line":1253,"column":7}},{"start":{},"end":{}}],"line":1251},"118":{"loc":{"start":{"line":1261,"column":2},"end":{"line":1261,"column":54}},"type":"if","locations":[{"start":{"line":1261,"column":2},"end":{"line":1261,"column":54}},{"start":{},"end":{}}],"line":1261},"119":{"loc":{"start":{"line":1264,"column":9},"end":{"line":1264,"column":40}},"type":"cond-expr","locations":[{"start":{"line":1264,"column":18},"end":{"line":1264,"column":29}},{"start":{"line":1264,"column":32},"end":{"line":1264,"column":40}}],"line":1264},"120":{"loc":{"start":{"line":1291,"column":2},"end":{"line":1299,"column":3}},"type":"if","locations":[{"start":{"line":1291,"column":2},"end":{"line":1299,"column":3}},{"start":{"line":1295,"column":9},"end":{"line":1299,"column":3}}],"line":1291},"121":{"loc":{"start":{"line":1301,"column":2},"end":{"line":1309,"column":3}},"type":"if","locations":[{"start":{"line":1301,"column":2},"end":{"line":1309,"column":3}},{"start":{},"end":{}}],"line":1301},"122":{"loc":{"start":{"line":1302,"column":22},"end":{"line":1302,"column":52}},"type":"cond-expr","locations":[{"start":{"line":1302,"column":31},"end":{"line":1302,"column":40}},{"start":{"line":1302,"column":43},"end":{"line":1302,"column":52}}],"line":1302},"123":{"loc":{"start":{"line":1303,"column":22},"end":{"line":1303,"column":80}},"type":"cond-expr","locations":[{"start":{"line":1303,"column":31},"end":{"line":1303,"column":57}},{"start":{"line":1303,"column":60},"end":{"line":1303,"column":80}}],"line":1303},"124":{"loc":{"start":{"line":1314,"column":22},"end":{"line":1314,"column":100}},"type":"binary-expr","locations":[{"start":{"line":1314,"column":22},"end":{"line":1314,"column":39}},{"start":{"line":1314,"column":43},"end":{"line":1314,"column":100}}],"line":1314},"125":{"loc":{"start":{"line":1316,"column":2},"end":{"line":1323,"column":3}},"type":"if","locations":[{"start":{"line":1316,"column":2},"end":{"line":1323,"column":3}},{"start":{},"end":{}}],"line":1316},"126":{"loc":{"start":{"line":1316,"column":6},"end":{"line":1316,"column":59}},"type":"binary-expr","locations":[{"start":{"line":1316,"column":6},"end":{"line":1316,"column":27}},{"start":{"line":1316,"column":32},"end":{"line":1316,"column":43}},{"start":{"line":1316,"column":47},"end":{"line":1316,"column":58}}],"line":1316},"127":{"loc":{"start":{"line":1319,"column":4},"end":{"line":1322,"column":5}},"type":"if","locations":[{"start":{"line":1319,"column":4},"end":{"line":1322,"column":5}},{"start":{},"end":{}}],"line":1319},"128":{"loc":{"start":{"line":1332,"column":2},"end":{"line":1332,"column":28}},"type":"if","locations":[{"start":{"line":1332,"column":2},"end":{"line":1332,"column":28}},{"start":{},"end":{}}],"line":1332},"129":{"loc":{"start":{"line":1337,"column":0},"end":{"line":1343,"column":1}},"type":"if","locations":[{"start":{"line":1337,"column":0},"end":{"line":1343,"column":1}},{"start":{},"end":{}}],"line":1337},"130":{"loc":{"start":{"line":1337,"column":4},"end":{"line":1337,"column":51}},"type":"binary-expr","locations":[{"start":{"line":1337,"column":4},"end":{"line":1337,"column":33}},{"start":{"line":1337,"column":37},"end":{"line":1337,"column":51}}],"line":1337}},"s":{"0":1,"1":1,"2":1,"3":0,"4":0,"5":0,"6":0,"7":0,"8":0,"9":0,"10":0,"11":0,"12":0,"13":0,"14":0,"15":0,"16":0,"17":0,"18":0,"19":0,"20":0,"21":0,"22":0,"23":0,"24":0,"25":0,"26":0,"27":0,"28":0,"29":0,"30":0,"31":0,"32":0,"33":0,"34":0,"35":0,"36":0,"37":0,"38":0,"39":0,"40":0,"41":0,"42":0,"43":0,"44":0,"45":0,"46":0,"47":0,"48":0,"49":0,"50":0,"51":0,"52":0,"53":0,"54":0,"55":0,"56":0,"57":0,"58":0,"59":0,"60":0,"61":0,"62":0,"63":0,"64":0,"65":0,"66":0,"67":0,"68":0,"69":0,"70":0,"71":0,"72":0,"73":0,"74":0,"75":0,"76":0,"77":0,"78":0,"79":0,"80":0,"81":0,"82":0,"83":0,"84":0,"85":0,"86":0,"87":0,"88":0,"89":0,"90":0,"91":0,"92":0,"93":0,"94":0,"95":0,"96":0,"97":0,"98":0,"99":0,"100":0,"101":0,"102":0,"103":0,"104":0,"105":0,"106":0,"107":0,"108":0,"109":0,"110":0,"111":0,"112":0,"113":0,"114":0,"115":0,"116":0,"117":0,"118":0,"119":0,"120":0,"121":0,"122":0,"123":0,"124":0,"125":0,"126":0,"127":0,"128":0,"129":0,"130":0,"131":0,"132":0,"133":0,"134":0,"135":0,"136":0,"137":0,"138":0,"139":0,"140":0,"141":0,"142":0,"143":0,"144":0,"145":0,"146":0,"147":0,"148":0,"149":0,"150":0,"151":0,"152":0,"153":0,"154":0,"155":0,"156":0,"157":0,"158":0,"159":0,"160":0,"161":0,"162":0,"163":0,"164":0,"165":0,"166":0,"167":0,"168":0,"169":0,"170":0,"171":0,"172":0,"173":0,"174":0,"175":0,"176":0,"177":0,"178":0,"179":0,"180":0,"181":0,"182":0,"183":0,"184":0,"185":0,"186":0,"187":0,"188":0,"189":0,"190":0,"191":0,"192":0,"193":0,"194":0,"195":0,"196":0,"197":0,"198":0,"199":0,"200":0,"201":0,"202":0,"203":0,"204":0,"205":0,"206":0,"207":0,"208":0,"209":0,"210":0,"211":0,"212":0,"213":0,"214":0,"215":0,"216":0,"217":0,"218":0,"219":0,"220":0,"221":0,"222":0,"223":0,"224":0,"225":0,"226":0,"227":0,"228":0,"229":0,"230":0,"231":0,"232":0,"233":0,"234":0,"235":0,"236":0,"237":0,"238":0,"239":0,"240":0,"241":0,"242":0,"243":0,"244":0,"245":0,"246":0,"247":0,"248":0,"249":0,"250":0,"251":0,"252":0,"253":0,"254":0,"255":0,"256":0,"257":0,"258":0,"259":0,"260":0,"261":0,"262":0,"263":0,"264":0,"265":0,"266":0,"267":0,"268":0,"269":0,"270":0,"271":0,"272":0,"273":0,"274":0,"275":0,"276":0,"277":0,"278":0,"279":0,"280":0,"281":0,"282":0,"283":0,"284":0,"285":0,"286":0,"287":0,"288":0,"289":0,"290":0,"291":0,"292":0,"293":0,"294":0,"295":0,"296":0,"297":0,"298":0,"299":0,"300":0,"301":0,"302":0,"303":0,"304":0,"305":0,"306":0,"307":0,"308":0,"309":0,"310":0,"311":0,"312":0,"313":0,"314":0,"315":0,"316":0,"317":0,"318":0,"319":0,"320":0,"321":0,"322":0,"323":0,"324":0,"325":0,"326":0,"327":0,"328":0,"329":0,"330":0,"331":0,"332":0,"333":0,"334":0,"335":0,"336":0,"337":0,"338":0,"339":0,"340":0,"341":0,"342":0,"343":0,"344":0,"345":0,"346":0,"347":0,"348":0,"349":0,"350":0,"351":0,"352":0,"353":0,"354":0,"355":0,"356":0,"357":0,"358":0,"359":0,"360":0,"361":0,"362":0,"363":0,"364":0,"365":0,"366":0,"367":0,"368":0,"369":0,"370":0,"371":0,"372":0,"373":0,"374":0,"375":0,"376":0,"377":0,"378":0,"379":0,"380":0,"381":0,"382":0,"383":0,"384":0,"385":0,"386":0,"387":0,"388":0,"389":0,"390":0,"391":0,"392":0,"393":0,"394":0,"395":0,"396":0,"397":0,"398":0,"399":0,"400":0,"401":0,"402":0,"403":0,"404":0,"405":0,"406":0,"407":0,"408":0,"409":0,"410":0,"411":0,"412":0,"413":0,"414":0,"415":0,"416":0,"417":0,"418":0,"419":0,"420":0,"421":0,"422":0,"423":0,"424":0,"425":0,"426":0,"427":0,"428":0,"429":0,"430":0,"431":0,"432":0,"433":0,"434":0,"435":0,"436":0,"437":0,"438":0,"439":0,"440":0,"441":0,"442":0,"443":0,"444":0,"445":0,"446":0,"447":0,"448":0,"449":0,"450":0,"451":0,"452":0,"453":0,"454":0,"455":0,"456":0,"457":0,"458":0,"459":0,"460":0,"461":0,"462":0,"463":0,"464":0,"465":0,"466":0,"467":0,"468":0,"469":0,"470":0,"471":0,"472":0,"473":0,"474":0,"475":0,"476":0,"477":0,"478":0,"479":0,"480":0,"481":0,"482":0,"483":0,"484":1,"485":1,"486":3,"487":3,"488":3,"489":1,"490":1,"491":0,"492":0,"493":0,"494":0,"495":0,"496":0,"497":0,"498":0,"499":1,"500":1,"501":1,"502":3,"503":3,"504":1,"505":0,"506":0,"507":0,"508":0,"509":0,"510":0,"511":0,"512":0,"513":0,"514":0,"515":0,"516":0,"517":0,"518":0,"519":0,"520":0,"521":0,"522":0,"523":0,"524":0,"525":0,"526":0,"527":0,"528":0,"529":0,"530":3,"531":1,"532":2,"533":1,"534":1},"f":{"0":0,"1":0,"2":0,"3":0,"4":0,"5":0,"6":0,"7":0,"8":0,"9":0,"10":0,"11":0,"12":0,"13":0,"14":0,"15":0,"16":0,"17":0,"18":0,"19":0,"20":0,"21":0,"22":0,"23":0,"24":0,"25":0,"26":0,"27":0,"28":0,"29":0,"30":0,"31":0,"32":0,"33":0,"34":0,"35":0,"36":0,"37":0,"38":0,"39":0,"40":0,"41":0,"42":0,"43":0,"44":0,"45":0,"46":0,"47":0,"48":0,"49":0,"50":0,"51":0,"52":0,"53":0,"54":0,"55":0,"56":0,"57":0,"58":0,"59":0,"60":1,"61":3,"62":0,"63":0,"64":0,"65":1,"66":0,"67":0,"68":3},"b":{"0":[0,0],"1":[0,0],"2":[0,0],"3":[0,0],"4":[0,0],"5":[0,0],"6":[0,0],"7":[0,0],"8":[0,0],"9":[0,0],"10":[0,0],"11":[0,0,0,0],"12":[0,0],"13":[0,0],"14":[0,0],"15":[0,0],"16":[0,0],"17":[0,0],"18":[0,0],"19":[0,0],"20":[0,0],"21":[0,0],"22":[0,0],"23":[0,0],"24":[0,0],"25":[0,0],"26":[0,0],"27":[0,0],"28":[0,0],"29":[0,0],"30":[0,0],"31":[0,0],"32":[0,0],"33":[0,0],"34":[0,0],"35":[0,0],"36":[0,0],"37":[0,0],"38":[0,0],"39":[0,0],"40":[0,0],"41":[0,0],"42":[0,0],"43":[0,0],"44":[0,0],"45":[0,0],"46":[0,0],"47":[0,0],"48":[0,0],"49":[0,0],"50":[0,0],"51":[0,0],"52":[0,0],"53":[0,0],"54":[0,0],"55":[0,0],"56":[0,0],"57":[0,0],"58":[0,0],"59":[0,0],"60":[0,0],"61":[0,0],"62":[0,0],"63":[0,0],"64":[0,0],"65":[0,0],"66":[0],"67":[0,0],"68":[0,0],"69":[0,0],"70":[0,0],"71":[0,0],"72":[0,0],"73":[0,0],"74":[0,0],"75":[0,0],"76":[0,0],"77":[0,0],"78":[0,0],"79":[0,0],"80":[0,0],"81":[0,0],"82":[0,0],"83":[0,0],"84":[0,0],"85":[0,0],"86":[0,0],"87":[0],"88":[0,0],"89":[0,0],"90":[0,0],"91":[0,0],"92":[0,0],"93":[0,0],"94":[0,0],"95":[0,0],"96":[0,0],"97":[0,0],"98":[0,0],"99":[0,0],"100":[0,0],"101":[0,0],"102":[0,0],"103":[0,0],"104":[0,0],"105":[0,0],"106":[0,0],"107":[0,0],"108":[0,0],"109":[0,0],"110":[0,0],"111":[0,0],"112":[0,0],"113":[0,0],"114":[0,0],"115":[1],"116":[3,0],"117":[1,2],"118":[0,0],"119":[0,0],"120":[0,0],"121":[0,0],"122":[0,0],"123":[0,0],"124":[0,0],"125":[0,0],"126":[0,0,0],"127":[0,0],"128":[1,2],"129":[1,0],"130":[1,1]},"_coverageSchema":"1a1c01bbd47fc00a2c39e90264f33305004495a9","hash":"bebca65c8880b6cad5ae61337a6e09149132b3b8"}
}
