TN:
SF:app.js
FN:46,(anonymous_0)
FN:55,(anonymous_1)
FN:69,showScreen
FN:77,(anonymous_3)
FN:95,goHome
FN:110,startQuiz
FN:140,(anonymous_6)
FN:145,(anonymous_7)
FN:179,(anonymous_8)
FN:205,loadQuestion
FN:262,toggleFlag
FN:280,updateFlagUI
FN:301,renderOptions
FN:308,(anonymous_13)
FN:329,(anonymous_14)
FN:330,(anonymous_15)
FN:349,selectOption
FN:351,(anonymous_17)
FN:368,submitAnswer
FN:401,(anonymous_19)
FN:442,nextQuestion
FN:450,finishQuiz
FN:463,cancelQuiz
FN:475,retakeQuiz
FN:484,resetAppState
FN:526,startTimer
FN:539,(anonymous_26)
FN:565,stopTimer
FN:581,initializeRadarChart
FN:613,(anonymous_29)
FN:630,(anonymous_30)
FN:640,reinitializeRadarChart
FN:644,(anonymous_32)
FN:652,updateRadarChart
FN:656,(anonymous_34)
FN:670,updateScoreDisplay
FN:677,updateDynamicInsight
FN:736,showResultsScreen
FN:751,showImprovementBadge
FN:774,generateAIRecommendation
FN:786,(anonymous_40)
FN:793,(anonymous_41)
FN:803,(anonymous_42)
FN:819,saveQuizResult
FN:851,getLastQuizResult
FN:866,getQuizHistory
FN:879,loadLastScore
FN:907,updateHistoryDisplay
FN:919,(anonymous_48)
FN:936,clearHistory
FN:947,(anonymous_50)
FN:961,generatePerformanceReport
FN:1134,generateDomainScoresHTML
FN:1138,(anonymous_53)
FN:1168,generateRecommendationHTML
FN:1175,(anonymous_55)
FN:1182,(anonymous_56)
FN:1197,generateQuestionsReviewHTML
FN:1198,(anonymous_58)
FN:1199,(anonymous_59)
FN:1245,getWeakDomains
FN:1248,(anonymous_61)
FN:1260,getDomainName
FN:1263,(anonymous_63)
FN:1267,formatTime
FN:1273,shuffleArray
FN:1286,toggleDarkMode
FN:1312,initTheme
FN:1331,calculatePercentage
FNF:69
FNH:4
FNDA:0,(anonymous_0)
FNDA:0,(anonymous_1)
FNDA:0,showScreen
FNDA:0,(anonymous_3)
FNDA:0,goHome
FNDA:0,startQuiz
FNDA:0,(anonymous_6)
FNDA:0,(anonymous_7)
FNDA:0,(anonymous_8)
FNDA:0,loadQuestion
FNDA:0,toggleFlag
FNDA:0,updateFlagUI
FNDA:0,renderOptions
FNDA:0,(anonymous_13)
FNDA:0,(anonymous_14)
FNDA:0,(anonymous_15)
FNDA:0,selectOption
FNDA:0,(anonymous_17)
FNDA:0,submitAnswer
FNDA:0,(anonymous_19)
FNDA:0,nextQuestion
FNDA:0,finishQuiz
FNDA:0,cancelQuiz
FNDA:0,retakeQuiz
FNDA:0,resetAppState
FNDA:0,startTimer
FNDA:0,(anonymous_26)
FNDA:0,stopTimer
FNDA:0,initializeRadarChart
FNDA:0,(anonymous_29)
FNDA:0,(anonymous_30)
FNDA:0,reinitializeRadarChart
FNDA:0,(anonymous_32)
FNDA:0,updateRadarChart
FNDA:0,(anonymous_34)
FNDA:0,updateScoreDisplay
FNDA:0,updateDynamicInsight
FNDA:0,showResultsScreen
FNDA:0,showImprovementBadge
FNDA:0,generateAIRecommendation
FNDA:0,(anonymous_40)
FNDA:0,(anonymous_41)
FNDA:0,(anonymous_42)
FNDA:0,saveQuizResult
FNDA:0,getLastQuizResult
FNDA:0,getQuizHistory
FNDA:0,loadLastScore
FNDA:0,updateHistoryDisplay
FNDA:0,(anonymous_48)
FNDA:0,clearHistory
FNDA:0,(anonymous_50)
FNDA:0,generatePerformanceReport
FNDA:0,generateDomainScoresHTML
FNDA:0,(anonymous_53)
FNDA:0,generateRecommendationHTML
FNDA:0,(anonymous_55)
FNDA:0,(anonymous_56)
FNDA:0,generateQuestionsReviewHTML
FNDA:0,(anonymous_58)
FNDA:0,(anonymous_59)
FNDA:1,getWeakDomains
FNDA:3,(anonymous_61)
FNDA:0,getDomainName
FNDA:0,(anonymous_63)
FNDA:0,formatTime
FNDA:1,shuffleArray
FNDA:0,toggleDarkMode
FNDA:0,initTheme
FNDA:3,calculatePercentage
DA:12,1
DA:31,1
DA:46,1
DA:47,0
DA:48,0
DA:49,0
DA:50,0
DA:53,0
DA:54,0
DA:55,0
DA:56,0
DA:70,0
DA:77,0
DA:78,0
DA:79,0
DA:80,0
DA:85,0
DA:86,0
DA:87,0
DA:88,0
DA:96,0
DA:97,0
DA:98,0
DA:99,0
DA:111,0
DA:112,0
DA:113,0
DA:116,0
DA:117,0
DA:119,0
DA:120,0
DA:121,0
DA:122,0
DA:124,0
DA:125,0
DA:126,0
DA:127,0
DA:128,0
DA:130,0
DA:131,0
DA:132,0
DA:134,0
DA:135,0
DA:136,0
DA:139,0
DA:140,0
DA:144,0
DA:145,0
DA:146,0
DA:153,0
DA:154,0
DA:157,0
DA:158,0
DA:162,0
DA:165,0
DA:166,0
DA:170,0
DA:171,0
DA:172,0
DA:173,0
DA:174,0
DA:175,0
DA:177,0
DA:178,0
DA:179,0
DA:180,0
DA:184,0
DA:186,0
DA:187,0
DA:188,0
DA:189,0
DA:190,0
DA:193,0
DA:194,0
DA:196,0
DA:197,0
DA:206,0
DA:207,0
DA:210,0
DA:211,0
DA:212,0
DA:213,0
DA:215,0
DA:216,0
DA:219,0
DA:221,0
DA:224,0
DA:225,0
DA:228,0
DA:229,0
DA:233,0
DA:234,0
DA:235,0
DA:236,0
DA:240,0
DA:243,0
DA:246,0
DA:247,0
DA:248,0
DA:249,0
DA:250,0
DA:252,0
DA:253,0
DA:254,0
DA:255,0
DA:256,0
DA:263,0
DA:264,0
DA:266,0
DA:268,0
DA:271,0
DA:274,0
DA:281,0
DA:282,0
DA:284,0
DA:286,0
DA:287,0
DA:288,0
DA:290,0
DA:291,0
DA:302,0
DA:303,0
DA:306,0
DA:308,0
DA:309,0
DA:310,0
DA:311,0
DA:312,0
DA:313,0
DA:316,0
DA:317,0
DA:318,0
DA:320,0
DA:321,0
DA:323,0
DA:325,0
DA:326,0
DA:329,0
DA:330,0
DA:331,0
DA:332,0
DA:333,0
DA:338,0
DA:342,0
DA:351,0
DA:352,0
DA:356,0
DA:357,0
DA:358,0
DA:359,0
DA:360,0
DA:369,0
DA:371,0
DA:372,0
DA:375,0
DA:386,0
DA:387,0
DA:391,0
DA:392,0
DA:395,0
DA:396,0
DA:397,0
DA:401,0
DA:402,0
DA:403,0
DA:404,0
DA:405,0
DA:406,0
DA:411,0
DA:412,0
DA:414,0
DA:415,0
DA:416,0
DA:420,0
DA:421,0
DA:422,0
DA:424,0
DA:426,0
DA:427,0
DA:428,0
DA:430,0
DA:434,0
DA:435,0
DA:436,0
DA:443,0
DA:444,0
DA:451,0
DA:452,0
DA:453,0
DA:455,0
DA:456,0
DA:464,0
DA:466,0
DA:467,0
DA:468,0
DA:476,0
DA:477,0
DA:486,0
DA:487,0
DA:490,0
DA:506,0
DA:507,0
DA:509,0
DA:510,0
DA:511,0
DA:513,0
DA:527,0
DA:528,0
DA:529,0
DA:530,0
DA:531,0
DA:532,0
DA:533,0
DA:534,0
DA:537,0
DA:539,0
DA:540,0
DA:542,0
DA:543,0
DA:544,0
DA:546,0
DA:549,0
DA:550,0
DA:551,0
DA:555,0
DA:556,0
DA:557,0
DA:566,0
DA:567,0
DA:568,0
DA:571,0
DA:572,0
DA:573,0
DA:582,0
DA:583,0
DA:585,0
DA:614,0
DA:631,0
DA:641,0
DA:643,0
DA:644,0
DA:645,0
DA:647,0
DA:648,0
DA:649,0
DA:653,0
DA:655,0
DA:656,0
DA:657,0
DA:658,0
DA:659,0
DA:662,0
DA:663,0
DA:671,0
DA:672,0
DA:673,0
DA:678,0
DA:679,0
DA:681,0
DA:682,0
DA:683,0
DA:686,0
DA:687,0
DA:688,0
DA:691,0
DA:692,0
DA:693,0
DA:695,0
DA:696,0
DA:698,0
DA:699,0
DA:700,0
DA:702,0
DA:703,0
DA:704,0
DA:705,0
DA:706,0
DA:707,0
DA:708,0
DA:709,0
DA:712,0
DA:713,0
DA:714,0
DA:715,0
DA:719,0
DA:720,0
DA:722,0
DA:723,0
DA:724,0
DA:725,0
DA:726,0
DA:728,0
DA:737,0
DA:738,0
DA:739,0
DA:740,0
DA:742,0
DA:743,0
DA:744,0
DA:746,0
DA:747,0
DA:748,0
DA:752,0
DA:753,0
DA:755,0
DA:757,0
DA:758,0
DA:760,0
DA:761,0
DA:762,0
DA:763,0
DA:764,0
DA:765,0
DA:767,0
DA:768,0
DA:771,0
DA:775,0
DA:776,0
DA:778,0
DA:780,0
DA:781,0
DA:783,0
DA:784,0
DA:785,0
DA:786,0
DA:788,0
DA:791,0
DA:792,0
DA:793,0
DA:795,0
DA:798,0
DA:800,0
DA:801,0
DA:802,0
DA:803,0
DA:804,0
DA:805,0
DA:806,0
DA:807,0
DA:808,0
DA:809,0
DA:810,0
DA:820,0
DA:821,0
DA:835,0
DA:836,0
DA:838,0
DA:839,0
DA:841,0
DA:842,0
DA:845,0
DA:847,0
DA:852,0
DA:854,0
DA:855,0
DA:856,0
DA:858,0
DA:859,0
DA:860,0
DA:862,0
DA:867,0
DA:868,0
DA:869,0
DA:871,0
DA:872,0
DA:873,0
DA:875,0
DA:880,0
DA:881,0
DA:882,0
DA:883,0
DA:885,0
DA:886,0
DA:887,0
DA:889,0
DA:891,0
DA:892,0
DA:894,0
DA:896,0
DA:897,0
DA:898,0
DA:899,0
DA:900,0
DA:901,0
DA:902,0
DA:903,0
DA:908,0
DA:909,0
DA:911,0
DA:913,0
DA:914,0
DA:915,0
DA:918,0
DA:919,0
DA:920,0
DA:921,0
DA:922,0
DA:924,0
DA:937,0
DA:938,0
DA:940,0
DA:941,0
DA:942,0
DA:944,0
DA:945,0
DA:946,0
DA:947,0
DA:948,0
DA:952,0
DA:953,0
DA:962,0
DA:964,0
DA:965,0
DA:966,0
DA:969,0
DA:970,0
DA:971,0
DA:972,0
DA:978,0
DA:1130,0
DA:1131,0
DA:1135,0
DA:1137,0
DA:1138,0
DA:1139,0
DA:1140,0
DA:1141,0
DA:1149,0
DA:1150,0
DA:1158,0
DA:1169,0
DA:1170,0
DA:1172,0
DA:1173,0
DA:1174,0
DA:1175,0
DA:1177,0
DA:1180,0
DA:1181,0
DA:1182,0
DA:1184,0
DA:1187,0
DA:1198,0
DA:1199,0
DA:1200,0
DA:1202,0
DA:1203,0
DA:1204,0
DA:1207,0
DA:1208,0
DA:1210,0
DA:1233,0
DA:1246,1
DA:1248,1
DA:1249,3
DA:1250,3
DA:1251,3
DA:1252,1
DA:1257,1
DA:1261,0
DA:1263,0
DA:1264,0
DA:1268,0
DA:1269,0
DA:1270,0
DA:1274,1
DA:1275,1
DA:1276,3
DA:1277,3
DA:1279,1
DA:1287,0
DA:1288,0
DA:1289,0
DA:1291,0
DA:1292,0
DA:1293,0
DA:1294,0
DA:1296,0
DA:1297,0
DA:1298,0
DA:1301,0
DA:1302,0
DA:1303,0
DA:1305,0
DA:1306,0
DA:1307,0
DA:1308,0
DA:1313,0
DA:1314,0
DA:1316,0
DA:1317,0
DA:1318,0
DA:1319,0
DA:1320,0
DA:1321,0
DA:1332,3
DA:1333,2
DA:1337,1
DA:1338,1
LF:499
LH:19
BRDA:54,0,0,0
BRDA:54,0,1,0
BRDA:78,1,0,0
BRDA:78,1,1,0
BRDA:86,2,0,0
BRDA:86,2,1,0
BRDA:117,3,0,0
BRDA:117,3,1,0
BRDA:119,4,0,0
BRDA:119,4,1,0
BRDA:120,5,0,0
BRDA:120,5,1,0
BRDA:121,6,0,0
BRDA:121,6,1,0
BRDA:122,7,0,0
BRDA:122,7,1,0
BRDA:135,8,0,0
BRDA:135,8,1,0
BRDA:139,9,0,0
BRDA:139,9,1,0
BRDA:144,10,0,0
BRDA:144,10,1,0
BRDA:146,11,0,0
BRDA:146,11,1,0
BRDA:146,11,2,0
BRDA:146,11,3,0
BRDA:153,12,0,0
BRDA:153,12,1,0
BRDA:153,13,0,0
BRDA:153,13,1,0
BRDA:154,14,0,0
BRDA:154,14,1,0
BRDA:165,15,0,0
BRDA:165,15,1,0
BRDA:178,16,0,0
BRDA:178,16,1,0
BRDA:178,17,0,0
BRDA:178,17,1,0
BRDA:187,18,0,0
BRDA:187,18,1,0
BRDA:207,19,0,0
BRDA:207,19,1,0
BRDA:215,20,0,0
BRDA:215,20,1,0
BRDA:219,21,0,0
BRDA:219,21,1,0
BRDA:224,22,0,0
BRDA:224,22,1,0
BRDA:228,23,0,0
BRDA:228,23,1,0
BRDA:234,24,0,0
BRDA:234,24,1,0
BRDA:252,25,0,0
BRDA:252,25,1,0
BRDA:253,26,0,0
BRDA:253,26,1,0
BRDA:254,27,0,0
BRDA:254,27,1,0
BRDA:255,28,0,0
BRDA:255,28,1,0
BRDA:256,29,0,0
BRDA:256,29,1,0
BRDA:266,30,0,0
BRDA:266,30,1,0
BRDA:282,31,0,0
BRDA:282,31,1,0
BRDA:286,32,0,0
BRDA:286,32,1,0
BRDA:331,33,0,0
BRDA:331,33,1,0
BRDA:331,34,0,0
BRDA:331,34,1,0
BRDA:357,35,0,0
BRDA:357,35,1,0
BRDA:369,36,0,0
BRDA:369,36,1,0
BRDA:386,37,0,0
BRDA:386,37,1,0
BRDA:391,38,0,0
BRDA:391,38,1,0
BRDA:396,39,0,0
BRDA:396,39,1,0
BRDA:403,40,0,0
BRDA:403,40,1,0
BRDA:405,41,0,0
BRDA:405,41,1,0
BRDA:405,42,0,0
BRDA:405,42,1,0
BRDA:414,43,0,0
BRDA:414,43,1,0
BRDA:414,44,0,0
BRDA:414,44,1,0
BRDA:424,45,0,0
BRDA:424,45,1,0
BRDA:427,46,0,0
BRDA:427,46,1,0
BRDA:428,47,0,0
BRDA:428,47,1,0
BRDA:430,48,0,0
BRDA:430,48,1,0
BRDA:466,49,0,0
BRDA:466,49,1,0
BRDA:486,50,0,0
BRDA:486,50,1,0
BRDA:506,51,0,0
BRDA:506,51,1,0
BRDA:528,52,0,0
BRDA:528,52,1,0
BRDA:549,53,0,0
BRDA:549,53,1,0
BRDA:549,54,0,0
BRDA:549,54,1,0
BRDA:555,55,0,0
BRDA:555,55,1,0
BRDA:566,56,0,0
BRDA:566,56,1,0
BRDA:572,57,0,0
BRDA:572,57,1,0
BRDA:583,58,0,0
BRDA:583,58,1,0
BRDA:641,59,0,0
BRDA:641,59,1,0
BRDA:641,60,0,0
BRDA:641,60,1,0
BRDA:653,61,0,0
BRDA:653,61,1,0
BRDA:653,62,0,0
BRDA:653,62,1,0
BRDA:658,63,0,0
BRDA:658,63,1,0
BRDA:658,64,0,0
BRDA:658,64,1,0
BRDA:672,65,0,0
BRDA:672,65,1,0
BRDA:677,66,0,0
BRDA:679,67,0,0
BRDA:679,67,1,0
BRDA:681,68,0,0
BRDA:681,68,1,0
BRDA:686,69,0,0
BRDA:686,69,1,0
BRDA:696,70,0,0
BRDA:696,70,1,0
BRDA:702,71,0,0
BRDA:702,71,1,0
BRDA:705,72,0,0
BRDA:705,72,1,0
BRDA:708,73,0,0
BRDA:708,73,1,0
BRDA:714,74,0,0
BRDA:714,74,1,0
BRDA:723,75,0,0
BRDA:723,75,1,0
BRDA:755,76,0,0
BRDA:755,76,1,0
BRDA:755,77,0,0
BRDA:755,77,1,0
BRDA:760,78,0,0
BRDA:760,78,1,0
BRDA:763,79,0,0
BRDA:763,79,1,0
BRDA:778,80,0,0
BRDA:778,80,1,0
BRDA:778,81,0,0
BRDA:778,81,1,0
BRDA:783,82,0,0
BRDA:783,82,1,0
BRDA:785,83,0,0
BRDA:785,83,1,0
BRDA:792,84,0,0
BRDA:792,84,1,0
BRDA:801,85,0,0
BRDA:801,85,1,0
BRDA:841,86,0,0
BRDA:841,86,1,0
BRDA:851,87,0,0
BRDA:852,88,0,0
BRDA:852,88,1,0
BRDA:852,89,0,0
BRDA:852,89,1,0
BRDA:856,90,0,0
BRDA:856,90,1,0
BRDA:869,91,0,0
BRDA:869,91,1,0
BRDA:881,92,0,0
BRDA:881,92,1,0
BRDA:885,93,0,0
BRDA:885,93,1,0
BRDA:885,94,0,0
BRDA:885,94,1,0
BRDA:902,95,0,0
BRDA:902,95,1,0
BRDA:909,96,0,0
BRDA:909,96,1,0
BRDA:913,97,0,0
BRDA:913,97,1,0
BRDA:922,98,0,0
BRDA:922,98,1,0
BRDA:930,99,0,0
BRDA:930,99,1,0
BRDA:938,100,0,0
BRDA:938,100,1,0
BRDA:945,101,0,0
BRDA:945,101,1,0
BRDA:964,102,0,0
BRDA:964,102,1,0
BRDA:1135,103,0,0
BRDA:1135,103,1,0
BRDA:1140,104,0,0
BRDA:1140,104,1,0
BRDA:1140,105,0,0
BRDA:1140,105,1,0
BRDA:1172,106,0,0
BRDA:1172,106,1,0
BRDA:1174,107,0,0
BRDA:1174,107,1,0
BRDA:1181,108,0,0
BRDA:1181,108,1,0
BRDA:1200,109,0,0
BRDA:1200,109,1,0
BRDA:1202,110,0,0
BRDA:1202,110,1,0
BRDA:1203,111,0,0
BRDA:1203,111,1,0
BRDA:1204,112,0,0
BRDA:1204,112,1,0
BRDA:1208,113,0,0
BRDA:1208,113,1,0
BRDA:1218,114,0,0
BRDA:1218,114,1,0
BRDA:1245,115,0,1
BRDA:1249,116,0,3
BRDA:1249,116,1,0
BRDA:1251,117,0,1
BRDA:1251,117,1,2
BRDA:1261,118,0,0
BRDA:1261,118,1,0
BRDA:1264,119,0,0
BRDA:1264,119,1,0
BRDA:1291,120,0,0
BRDA:1291,120,1,0
BRDA:1301,121,0,0
BRDA:1301,121,1,0
BRDA:1302,122,0,0
BRDA:1302,122,1,0
BRDA:1303,123,0,0
BRDA:1303,123,1,0
BRDA:1314,124,0,0
BRDA:1314,124,1,0
BRDA:1316,125,0,0
BRDA:1316,125,1,0
BRDA:1316,126,0,0
BRDA:1316,126,1,0
BRDA:1316,126,2,0
BRDA:1319,127,0,0
BRDA:1319,127,1,0
BRDA:1332,128,0,1
BRDA:1332,128,1,2
BRDA:1337,129,0,1
BRDA:1337,129,1,0
BRDA:1337,130,0,1
BRDA:1337,130,1,1
BRF:262
BRH:9
end_of_record
